<?xml version="1.0" encoding="UTF-8"?>
<robot generator="Robot 3.1.2 (Python 3.7.4 on win32)" generated="20191023 11:23:52.258" rpa="false">
<suite id="s1" name="系统参数-发票核销模式" source="D:\自动化\RFS\货代系统\M3\M3--结算管理（new)\系统参数-发票核销模式.txt">
<kw name="Run Keywords" library="BuiltIn" type="setup">
<doc>Executes all the given keywords in a sequence.</doc>
<arguments>
<arg>系统参数设置-发票核销模式</arg>
<arg>AND</arg>
<arg>登录</arg>
<arg>AND</arg>
<arg>新增海运出口业务</arg>
</arguments>
<kw name="系统参数设置-发票核销模式" library="M3--初始化">
<kw name="登录" library="M3--菜单">
<kw name="读取货代登录配置信息" library="货代业务数据">
<doc>不同环境测试时，请修改 文件名</doc>
<kw name="Open Excel Document" library="ExcelLibrary">
<doc>Opens xlsx document file.</doc>
<arguments>
<arg>D:\\自动化\\RFS\\Resources\\login\\user_login-生产.xlsx</arg>
<arg>user</arg>
</arguments>
<status status="PASS" starttime="20191023 11:23:53.673" endtime="20191023 11:23:53.707"></status>
</kw>
<kw name="Read Excel Cell" library="ExcelLibrary">
<doc>Returns content of a cell.</doc>
<arguments>
<arg>2</arg>
<arg>3</arg>
</arguments>
<assign>
<var>${M1_URL}</var>
</assign>
<msg timestamp="20191023 11:23:53.707" level="INFO">${M1_URL} = saas.800jit.com</msg>
<status status="PASS" starttime="20191023 11:23:53.707" endtime="20191023 11:23:53.707"></status>
</kw>
<kw name="Read Excel Cell" library="ExcelLibrary">
<doc>Returns content of a cell.</doc>
<arguments>
<arg>2</arg>
<arg>4</arg>
</arguments>
<assign>
<var>${M1_FULLNAME}</var>
</assign>
<msg timestamp="20191023 11:23:53.707" level="INFO">${M1_FULLNAME} = 测试</msg>
<status status="PASS" starttime="20191023 11:23:53.707" endtime="20191023 11:23:53.707"></status>
</kw>
<kw name="Read Excel Cell" library="ExcelLibrary">
<doc>Returns content of a cell.</doc>
<arguments>
<arg>2</arg>
<arg>5</arg>
</arguments>
<assign>
<var>${M1_USERNAME}</var>
</assign>
<msg timestamp="20191023 11:23:53.708" level="INFO">${M1_USERNAME} = w01@800jit.com</msg>
<status status="PASS" starttime="20191023 11:23:53.708" endtime="20191023 11:23:53.708"></status>
</kw>
<kw name="Read Excel Cell" library="ExcelLibrary">
<doc>Returns content of a cell.</doc>
<arguments>
<arg>2</arg>
<arg>6</arg>
</arguments>
<assign>
<var>${M1_PASSWORD}</var>
</assign>
<msg timestamp="20191023 11:23:53.708" level="INFO">${M1_PASSWORD} = 3aS2KG</msg>
<status status="PASS" starttime="20191023 11:23:53.708" endtime="20191023 11:23:53.708"></status>
</kw>
<kw name="Comment" library="BuiltIn">
<doc>Displays the given messages in the log file as keyword arguments.</doc>
<arguments>
<arg>Open Excel</arg>
<arg>D:\\自动化\\RFS\\Resources\\login\\user_login-测试.xls</arg>
</arguments>
<status status="PASS" starttime="20191023 11:23:53.708" endtime="20191023 11:23:53.708"></status>
</kw>
<kw name="Set Variable" library="BuiltIn">
<doc>Returns the given values which can then be assigned to a variables.</doc>
<arguments>
<arg>D:\\自动化\\RFS\\Resources</arg>
</arguments>
<assign>
<var>${M4_INTER_DIR}</var>
</assign>
<msg timestamp="20191023 11:23:53.708" level="INFO">${M4_INTER_DIR} = D:\自动化\RFS\Resources</msg>
<status status="PASS" starttime="20191023 11:23:53.708" endtime="20191023 11:23:53.708"></status>
</kw>
<kw name="Comment" library="BuiltIn">
<doc>Displays the given messages in the log file as keyword arguments.</doc>
<arguments>
<arg>${M1_URL}</arg>
<arg>Read Cell Data By Name</arg>
<arg>Sheet1</arg>
<arg>C2</arg>
</arguments>
<status status="PASS" starttime="20191023 11:23:53.709" endtime="20191023 11:23:53.709"></status>
</kw>
<kw name="Comment" library="BuiltIn">
<doc>Displays the given messages in the log file as keyword arguments.</doc>
<arguments>
<arg>${M1_FULLNAME}</arg>
<arg>Read Cell Data By Name</arg>
<arg>Sheet1</arg>
<arg>D2</arg>
</arguments>
<status status="PASS" starttime="20191023 11:23:53.709" endtime="20191023 11:23:53.709"></status>
</kw>
<kw name="Comment" library="BuiltIn">
<doc>Displays the given messages in the log file as keyword arguments.</doc>
<arguments>
<arg>${M1_USERNAME}</arg>
<arg>Read Cell Data By Name</arg>
<arg>Sheet1</arg>
<arg>E2</arg>
</arguments>
<status status="PASS" starttime="20191023 11:23:53.709" endtime="20191023 11:23:53.709"></status>
</kw>
<kw name="Comment" library="BuiltIn">
<doc>Displays the given messages in the log file as keyword arguments.</doc>
<arguments>
<arg>${M1_PASSWORD}</arg>
<arg>Read Cell Data By Name</arg>
<arg>Sheet1</arg>
<arg>F2</arg>
</arguments>
<status status="PASS" starttime="20191023 11:23:53.709" endtime="20191023 11:23:53.709"></status>
</kw>
<kw name="Set Global Variable" library="BuiltIn">
<doc>Makes a variable available globally in all tests and suites.</doc>
<arguments>
<arg>${M1_URL}</arg>
</arguments>
<msg timestamp="20191023 11:23:53.710" level="INFO">${M1_URL} = saas.800jit.com</msg>
<status status="PASS" starttime="20191023 11:23:53.709" endtime="20191023 11:23:53.710"></status>
</kw>
<kw name="Set Global Variable" library="BuiltIn">
<doc>Makes a variable available globally in all tests and suites.</doc>
<arguments>
<arg>${M1_FULLNAME}</arg>
</arguments>
<msg timestamp="20191023 11:23:53.710" level="INFO">${M1_FULLNAME} = 测试</msg>
<status status="PASS" starttime="20191023 11:23:53.710" endtime="20191023 11:23:53.710"></status>
</kw>
<kw name="Set Global Variable" library="BuiltIn">
<doc>Makes a variable available globally in all tests and suites.</doc>
<arguments>
<arg>${M1_USERNAME}</arg>
</arguments>
<msg timestamp="20191023 11:23:53.710" level="INFO">${M1_USERNAME} = w01@800jit.com</msg>
<status status="PASS" starttime="20191023 11:23:53.710" endtime="20191023 11:23:53.710"></status>
</kw>
<kw name="Set Global Variable" library="BuiltIn">
<doc>Makes a variable available globally in all tests and suites.</doc>
<arguments>
<arg>${M1_PASSWORD}</arg>
</arguments>
<msg timestamp="20191023 11:23:53.710" level="INFO">${M1_PASSWORD} = 3aS2KG</msg>
<status status="PASS" starttime="20191023 11:23:53.710" endtime="20191023 11:23:53.711"></status>
</kw>
<kw name="Read Excel Cell" library="ExcelLibrary">
<doc>Returns content of a cell.</doc>
<arguments>
<arg>3</arg>
<arg>3</arg>
</arguments>
<assign>
<var>${M2_URL}</var>
</assign>
<msg timestamp="20191023 11:23:53.711" level="INFO">${M2_URL} = saas.800jit.com</msg>
<status status="PASS" starttime="20191023 11:23:53.711" endtime="20191023 11:23:53.711"></status>
</kw>
<kw name="Read Excel Cell" library="ExcelLibrary">
<doc>Returns content of a cell.</doc>
<arguments>
<arg>3</arg>
<arg>4</arg>
</arguments>
<assign>
<var>${M2_FULLNAME}</var>
</assign>
<msg timestamp="20191023 11:23:53.711" level="INFO">${M2_FULLNAME} = 自动化</msg>
<status status="PASS" starttime="20191023 11:23:53.711" endtime="20191023 11:23:53.711"></status>
</kw>
<kw name="Read Excel Cell" library="ExcelLibrary">
<doc>Returns content of a cell.</doc>
<arguments>
<arg>3</arg>
<arg>5</arg>
</arguments>
<assign>
<var>${M2_USERNAME}</var>
</assign>
<msg timestamp="20191023 11:23:53.711" level="INFO">${M2_USERNAME} = m2-自动化</msg>
<status status="PASS" starttime="20191023 11:23:53.711" endtime="20191023 11:23:53.711"></status>
</kw>
<kw name="Read Excel Cell" library="ExcelLibrary">
<doc>Returns content of a cell.</doc>
<arguments>
<arg>3</arg>
<arg>6</arg>
</arguments>
<assign>
<var>${M2_PASSWORD}</var>
</assign>
<msg timestamp="20191023 11:23:53.712" level="INFO">${M2_PASSWORD} = 111111</msg>
<status status="PASS" starttime="20191023 11:23:53.711" endtime="20191023 11:23:53.712"></status>
</kw>
<kw name="Comment" library="BuiltIn">
<doc>Displays the given messages in the log file as keyword arguments.</doc>
<arguments>
<arg>${M2_URL}</arg>
<arg>Read Cell Data By Name</arg>
<arg>Sheet1</arg>
<arg>C3</arg>
</arguments>
<status status="PASS" starttime="20191023 11:23:53.712" endtime="20191023 11:23:53.712"></status>
</kw>
<kw name="Comment" library="BuiltIn">
<doc>Displays the given messages in the log file as keyword arguments.</doc>
<arguments>
<arg>${M2_FULLNAME}</arg>
<arg>Read Cell Data By Name</arg>
<arg>Sheet1</arg>
<arg>D3</arg>
</arguments>
<status status="PASS" starttime="20191023 11:23:53.712" endtime="20191023 11:23:53.712"></status>
</kw>
<kw name="Comment" library="BuiltIn">
<doc>Displays the given messages in the log file as keyword arguments.</doc>
<arguments>
<arg>${M2_USERNAME}</arg>
<arg>Read Cell Data By Name</arg>
<arg>Sheet1</arg>
<arg>E3</arg>
</arguments>
<status status="PASS" starttime="20191023 11:23:53.712" endtime="20191023 11:23:53.712"></status>
</kw>
<kw name="Comment" library="BuiltIn">
<doc>Displays the given messages in the log file as keyword arguments.</doc>
<arguments>
<arg>${M2_PASSWORD}</arg>
<arg>Read Cell Data By Name</arg>
<arg>Sheet1</arg>
<arg>F3</arg>
</arguments>
<status status="PASS" starttime="20191023 11:23:53.712" endtime="20191023 11:23:53.713"></status>
</kw>
<kw name="Set Global Variable" library="BuiltIn">
<doc>Makes a variable available globally in all tests and suites.</doc>
<arguments>
<arg>${M2_URL}</arg>
</arguments>
<msg timestamp="20191023 11:23:53.713" level="INFO">${M2_URL} = saas.800jit.com</msg>
<status status="PASS" starttime="20191023 11:23:53.713" endtime="20191023 11:23:53.713"></status>
</kw>
<kw name="Set Global Variable" library="BuiltIn">
<doc>Makes a variable available globally in all tests and suites.</doc>
<arguments>
<arg>${M2_FULLNAME}</arg>
</arguments>
<msg timestamp="20191023 11:23:53.713" level="INFO">${M2_FULLNAME} = 自动化</msg>
<status status="PASS" starttime="20191023 11:23:53.713" endtime="20191023 11:23:53.713"></status>
</kw>
<kw name="Set Global Variable" library="BuiltIn">
<doc>Makes a variable available globally in all tests and suites.</doc>
<arguments>
<arg>${M2_USERNAME}</arg>
</arguments>
<msg timestamp="20191023 11:23:53.713" level="INFO">${M2_USERNAME} = m2-自动化</msg>
<status status="PASS" starttime="20191023 11:23:53.713" endtime="20191023 11:23:53.713"></status>
</kw>
<kw name="Set Global Variable" library="BuiltIn">
<doc>Makes a variable available globally in all tests and suites.</doc>
<arguments>
<arg>${M2_PASSWORD}</arg>
</arguments>
<msg timestamp="20191023 11:23:53.714" level="INFO">${M2_PASSWORD} = 111111</msg>
<status status="PASS" starttime="20191023 11:23:53.714" endtime="20191023 11:23:53.714"></status>
</kw>
<kw name="Read Excel Cell" library="ExcelLibrary">
<doc>Returns content of a cell.</doc>
<arguments>
<arg>4</arg>
<arg>3</arg>
</arguments>
<assign>
<var>${M3_URL}</var>
</assign>
<msg timestamp="20191023 11:23:53.714" level="INFO">${M3_URL} = cargotest.100jit.com</msg>
<status status="PASS" starttime="20191023 11:23:53.714" endtime="20191023 11:23:53.714"></status>
</kw>
<kw name="Read Excel Cell" library="ExcelLibrary">
<doc>Returns content of a cell.</doc>
<arguments>
<arg>4</arg>
<arg>4</arg>
</arguments>
<assign>
<var>${M3_FULLNAME}</var>
</assign>
<msg timestamp="20191023 11:23:53.714" level="INFO">${M3_FULLNAME} = 自动化</msg>
<status status="PASS" starttime="20191023 11:23:53.714" endtime="20191023 11:23:53.714"></status>
</kw>
<kw name="Read Excel Cell" library="ExcelLibrary">
<doc>Returns content of a cell.</doc>
<arguments>
<arg>4</arg>
<arg>5</arg>
</arguments>
<assign>
<var>${M3_USERNAME}</var>
</assign>
<msg timestamp="20191023 11:23:53.714" level="INFO">${M3_USERNAME} = m3-自动化</msg>
<status status="PASS" starttime="20191023 11:23:53.714" endtime="20191023 11:23:53.715"></status>
</kw>
<kw name="Read Excel Cell" library="ExcelLibrary">
<doc>Returns content of a cell.</doc>
<arguments>
<arg>4</arg>
<arg>6</arg>
</arguments>
<assign>
<var>${M3_PASSWORD}</var>
</assign>
<msg timestamp="20191023 11:23:53.715" level="INFO">${M3_PASSWORD} = 110110110</msg>
<status status="PASS" starttime="20191023 11:23:53.715" endtime="20191023 11:23:53.715"></status>
</kw>
<kw name="Read Excel Cell" library="ExcelLibrary">
<doc>Returns content of a cell.</doc>
<arguments>
<arg>4</arg>
<arg>7</arg>
</arguments>
<assign>
<var>${M3_SESSION}</var>
</assign>
<msg timestamp="20191023 11:23:53.715" level="INFO">${M3_SESSION} = hd</msg>
<status status="PASS" starttime="20191023 11:23:53.715" endtime="20191023 11:23:53.715"></status>
</kw>
<kw name="Comment" library="BuiltIn">
<doc>Displays the given messages in the log file as keyword arguments.</doc>
<arguments>
<arg>${M3_URL}</arg>
<arg>Read Cell Data By Name</arg>
<arg>Sheet1</arg>
<arg>C4</arg>
</arguments>
<status status="PASS" starttime="20191023 11:23:53.715" endtime="20191023 11:23:53.715"></status>
</kw>
<kw name="Comment" library="BuiltIn">
<doc>Displays the given messages in the log file as keyword arguments.</doc>
<arguments>
<arg>${M3_FULLNAME}</arg>
<arg>Read Cell Data By Name</arg>
<arg>Sheet1</arg>
<arg>D4</arg>
</arguments>
<status status="PASS" starttime="20191023 11:23:53.715" endtime="20191023 11:23:53.715"></status>
</kw>
<kw name="Comment" library="BuiltIn">
<doc>Displays the given messages in the log file as keyword arguments.</doc>
<arguments>
<arg>${M3_USERNAME}</arg>
<arg>Read Cell Data By Name</arg>
<arg>Sheet1</arg>
<arg>E4</arg>
</arguments>
<status status="PASS" starttime="20191023 11:23:53.715" endtime="20191023 11:23:53.716"></status>
</kw>
<kw name="Comment" library="BuiltIn">
<doc>Displays the given messages in the log file as keyword arguments.</doc>
<arguments>
<arg>${M3_PASSWORD}</arg>
<arg>Read Cell Data By Name</arg>
<arg>Sheet1</arg>
<arg>F4</arg>
</arguments>
<status status="PASS" starttime="20191023 11:23:53.716" endtime="20191023 11:23:53.716"></status>
</kw>
<kw name="Comment" library="BuiltIn">
<doc>Displays the given messages in the log file as keyword arguments.</doc>
<arguments>
<arg>${M3_SESSION}</arg>
<arg>Read Cell Data By Name</arg>
<arg>Sheet1</arg>
<arg>G4</arg>
</arguments>
<status status="PASS" starttime="20191023 11:23:53.716" endtime="20191023 11:23:53.716"></status>
</kw>
<kw name="Set Global Variable" library="BuiltIn">
<doc>Makes a variable available globally in all tests and suites.</doc>
<arguments>
<arg>${M3_URL}</arg>
</arguments>
<msg timestamp="20191023 11:23:53.716" level="INFO">${M3_URL} = cargotest.100jit.com</msg>
<status status="PASS" starttime="20191023 11:23:53.716" endtime="20191023 11:23:53.716"></status>
</kw>
<kw name="Set Global Variable" library="BuiltIn">
<doc>Makes a variable available globally in all tests and suites.</doc>
<arguments>
<arg>${M3_FULLNAME}</arg>
</arguments>
<msg timestamp="20191023 11:23:53.717" level="INFO">${M3_FULLNAME} = 自动化</msg>
<status status="PASS" starttime="20191023 11:23:53.716" endtime="20191023 11:23:53.717"></status>
</kw>
<kw name="Set Global Variable" library="BuiltIn">
<doc>Makes a variable available globally in all tests and suites.</doc>
<arguments>
<arg>${M3_USERNAME}</arg>
</arguments>
<msg timestamp="20191023 11:23:53.717" level="INFO">${M3_USERNAME} = m3-自动化</msg>
<status status="PASS" starttime="20191023 11:23:53.717" endtime="20191023 11:23:53.717"></status>
</kw>
<kw name="Set Global Variable" library="BuiltIn">
<doc>Makes a variable available globally in all tests and suites.</doc>
<arguments>
<arg>${M3_PASSWORD}</arg>
</arguments>
<msg timestamp="20191023 11:23:53.717" level="INFO">${M3_PASSWORD} = 110110110</msg>
<status status="PASS" starttime="20191023 11:23:53.717" endtime="20191023 11:23:53.717"></status>
</kw>
<kw name="Set Global Variable" library="BuiltIn">
<doc>Makes a variable available globally in all tests and suites.</doc>
<arguments>
<arg>${M3_SESSION}</arg>
</arguments>
<msg timestamp="20191023 11:23:53.717" level="INFO">${M3_SESSION} = hd</msg>
<status status="PASS" starttime="20191023 11:23:53.717" endtime="20191023 11:23:53.717"></status>
</kw>
<kw name="Read Excel Cell" library="ExcelLibrary">
<doc>Returns content of a cell.</doc>
<arguments>
<arg>5</arg>
<arg>2</arg>
</arguments>
<assign>
<var>${往来单位_CODE}</var>
</assign>
<msg timestamp="20191023 11:23:53.718" level="INFO">${往来单位_CODE} = NBBLJY</msg>
<status status="PASS" starttime="20191023 11:23:53.718" endtime="20191023 11:23:53.718"></status>
</kw>
<kw name="Comment" library="BuiltIn">
<doc>Displays the given messages in the log file as keyword arguments.</doc>
<arguments>
<arg>${往来单位_CODE}</arg>
<arg>Read Cell Data By Name</arg>
<arg>Sheet1</arg>
<arg>B5</arg>
</arguments>
<status status="PASS" starttime="20191023 11:23:53.718" endtime="20191023 11:23:53.718"></status>
</kw>
<kw name="Set Global Variable" library="BuiltIn">
<doc>Makes a variable available globally in all tests and suites.</doc>
<arguments>
<arg>${往来单位_CODE}</arg>
</arguments>
<msg timestamp="20191023 11:23:53.718" level="INFO">${往来单位_CODE} = NBBLJY</msg>
<status status="PASS" starttime="20191023 11:23:53.718" endtime="20191023 11:23:53.718"></status>
</kw>
<kw name="Read Excel Cell" library="ExcelLibrary">
<doc>Returns content of a cell.</doc>
<arguments>
<arg>6</arg>
<arg>2</arg>
</arguments>
<assign>
<var>${往来单位}</var>
</assign>
<msg timestamp="20191023 11:23:53.719" level="INFO">${往来单位} = 腾讯音乐</msg>
<status status="PASS" starttime="20191023 11:23:53.718" endtime="20191023 11:23:53.719"></status>
</kw>
<kw name="Comment" library="BuiltIn">
<doc>Displays the given messages in the log file as keyword arguments.</doc>
<arguments>
<arg>${往来单位}</arg>
<arg>Read Cell Data By Name</arg>
<arg>Sheet1</arg>
<arg>B6</arg>
</arguments>
<status status="PASS" starttime="20191023 11:23:53.719" endtime="20191023 11:23:53.719"></status>
</kw>
<kw name="Set Global Variable" library="BuiltIn">
<doc>Makes a variable available globally in all tests and suites.</doc>
<arguments>
<arg>${往来单位}</arg>
</arguments>
<msg timestamp="20191023 11:23:53.719" level="INFO">${往来单位} = 腾讯音乐</msg>
<status status="PASS" starttime="20191023 11:23:53.719" endtime="20191023 11:23:53.719"></status>
</kw>
<kw name="Read Excel Cell" library="ExcelLibrary">
<doc>Returns content of a cell.</doc>
<arguments>
<arg>7</arg>
<arg>3</arg>
</arguments>
<assign>
<var>${M4-URL}</var>
</assign>
<msg timestamp="20191023 11:23:53.719" level="INFO">${M4-URL} = gm1-scysa.100jit.com</msg>
<status status="PASS" starttime="20191023 11:23:53.719" endtime="20191023 11:23:53.719"></status>
</kw>
<kw name="Read Excel Cell" library="ExcelLibrary">
<doc>Returns content of a cell.</doc>
<arguments>
<arg>7</arg>
<arg>4</arg>
</arguments>
<assign>
<var>${M4-FULLNAME}</var>
</assign>
<msg timestamp="20191023 11:23:53.720" level="INFO">${M4-FULLNAME} = gm1_SC-跑脚本-GM1-SC</msg>
<status status="PASS" starttime="20191023 11:23:53.719" endtime="20191023 11:23:53.720"></status>
</kw>
<kw name="Read Excel Cell" library="ExcelLibrary">
<doc>Returns content of a cell.</doc>
<arguments>
<arg>7</arg>
<arg>5</arg>
</arguments>
<assign>
<var>${M4-USERNAME}</var>
</assign>
<msg timestamp="20191023 11:23:53.720" level="INFO">${M4-USERNAME} = gm1_sc</msg>
<status status="PASS" starttime="20191023 11:23:53.720" endtime="20191023 11:23:53.720"></status>
</kw>
<kw name="Read Excel Cell" library="ExcelLibrary">
<doc>Returns content of a cell.</doc>
<arguments>
<arg>7</arg>
<arg>6</arg>
</arguments>
<assign>
<var>${M4-PASSWORD}</var>
</assign>
<msg timestamp="20191023 11:23:53.720" level="INFO">${M4-PASSWORD} = abc111111</msg>
<status status="PASS" starttime="20191023 11:23:53.720" endtime="20191023 11:23:53.720"></status>
</kw>
<kw name="Read Excel Cell" library="ExcelLibrary">
<doc>Returns content of a cell.</doc>
<arguments>
<arg>7</arg>
<arg>7</arg>
</arguments>
<assign>
<var>${M4-SESSION}</var>
</assign>
<msg timestamp="20191023 11:23:53.720" level="INFO">${M4-SESSION} = gm1</msg>
<status status="PASS" starttime="20191023 11:23:53.720" endtime="20191023 11:23:53.721"></status>
</kw>
<kw name="Read Excel Cell" library="ExcelLibrary">
<doc>Returns content of a cell.</doc>
<arguments>
<arg>7</arg>
<arg>8</arg>
</arguments>
<assign>
<var>${M4-ORGID}</var>
</assign>
<msg timestamp="20191023 11:23:53.721" level="INFO">${M4-ORGID} = 100000002</msg>
<status status="PASS" starttime="20191023 11:23:53.721" endtime="20191023 11:23:53.721"></status>
</kw>
<kw name="Read Excel Cell" library="ExcelLibrary">
<doc>Returns content of a cell.</doc>
<arguments>
<arg>7</arg>
<arg>9</arg>
</arguments>
<assign>
<var>${M4-OPEN-URL}</var>
</assign>
<msg timestamp="20191023 11:23:53.721" level="INFO">${M4-OPEN-URL} = vip.800jit.com</msg>
<status status="PASS" starttime="20191023 11:23:53.721" endtime="20191023 11:23:53.721"></status>
</kw>
<kw name="Read Excel Cell" library="ExcelLibrary">
<doc>Returns content of a cell.</doc>
<arguments>
<arg>7</arg>
<arg>10</arg>
</arguments>
<assign>
<var>${M4-ORGNAME}</var>
</assign>
<msg timestamp="20191023 11:23:53.721" level="INFO">${M4-ORGNAME} = GM1-生产演示公司-A</msg>
<status status="PASS" starttime="20191023 11:23:53.721" endtime="20191023 11:23:53.721"></status>
</kw>
<kw name="Read Excel Cell" library="ExcelLibrary">
<doc>Returns content of a cell.</doc>
<arguments>
<arg>7</arg>
<arg>11</arg>
</arguments>
<assign>
<var>${M4-DEPARTMENT}</var>
</assign>
<msg timestamp="20191023 11:23:53.722" level="INFO">${M4-DEPARTMENT} = 自动化一级部门</msg>
<status status="PASS" starttime="20191023 11:23:53.721" endtime="20191023 11:23:53.722"></status>
</kw>
<kw name="Read Excel Cell" library="ExcelLibrary">
<doc>Returns content of a cell.</doc>
<arguments>
<arg>72</arg>
<arg>13</arg>
</arguments>
<assign>
<var>${M4_ServiceRuleTypeCode}</var>
</assign>
<msg timestamp="20191023 11:23:53.722" level="INFO">${M4_ServiceRuleTypeCode} = None</msg>
<status status="PASS" starttime="20191023 11:23:53.722" endtime="20191023 11:23:53.722"></status>
</kw>
<kw name="Set Global Variable" library="BuiltIn">
<doc>Makes a variable available globally in all tests and suites.</doc>
<arguments>
<arg>${M4-URL}</arg>
</arguments>
<msg timestamp="20191023 11:23:53.722" level="INFO">${M4-URL} = gm1-scysa.100jit.com</msg>
<status status="PASS" starttime="20191023 11:23:53.722" endtime="20191023 11:23:53.722"></status>
</kw>
<kw name="Set Global Variable" library="BuiltIn">
<doc>Makes a variable available globally in all tests and suites.</doc>
<arguments>
<arg>${M4-USERNAME}</arg>
</arguments>
<msg timestamp="20191023 11:23:53.722" level="INFO">${M4-USERNAME} = gm1_sc</msg>
<status status="PASS" starttime="20191023 11:23:53.722" endtime="20191023 11:23:53.722"></status>
</kw>
<kw name="Set Global Variable" library="BuiltIn">
<doc>Makes a variable available globally in all tests and suites.</doc>
<arguments>
<arg>${M4-FULLNAME}</arg>
</arguments>
<msg timestamp="20191023 11:23:53.723" level="INFO">${M4-FULLNAME} = gm1_SC-跑脚本-GM1-SC</msg>
<status status="PASS" starttime="20191023 11:23:53.723" endtime="20191023 11:23:53.723"></status>
</kw>
<kw name="Set Global Variable" library="BuiltIn">
<doc>Makes a variable available globally in all tests and suites.</doc>
<arguments>
<arg>${M4-PASSWORD}</arg>
</arguments>
<msg timestamp="20191023 11:23:53.723" level="INFO">${M4-PASSWORD} = abc111111</msg>
<status status="PASS" starttime="20191023 11:23:53.723" endtime="20191023 11:23:53.723"></status>
</kw>
<kw name="Set Global Variable" library="BuiltIn">
<doc>Makes a variable available globally in all tests and suites.</doc>
<arguments>
<arg>${M4-SESSION}</arg>
</arguments>
<msg timestamp="20191023 11:23:53.723" level="INFO">${M4-SESSION} = gm1</msg>
<status status="PASS" starttime="20191023 11:23:53.723" endtime="20191023 11:23:53.723"></status>
</kw>
<kw name="Set Global Variable" library="BuiltIn">
<doc>Makes a variable available globally in all tests and suites.</doc>
<arguments>
<arg>${M4-ORGID}</arg>
</arguments>
<msg timestamp="20191023 11:23:53.724" level="INFO">${M4-ORGID} = 100000002</msg>
<status status="PASS" starttime="20191023 11:23:53.723" endtime="20191023 11:23:53.724"></status>
</kw>
<kw name="Set Global Variable" library="BuiltIn">
<doc>Makes a variable available globally in all tests and suites.</doc>
<arguments>
<arg>${M4-OPEN-URL}</arg>
</arguments>
<msg timestamp="20191023 11:23:53.724" level="INFO">${M4-OPEN-URL} = vip.800jit.com</msg>
<status status="PASS" starttime="20191023 11:23:53.724" endtime="20191023 11:23:53.724"></status>
</kw>
<kw name="Set Global Variable" library="BuiltIn">
<doc>Makes a variable available globally in all tests and suites.</doc>
<arguments>
<arg>${M4-ORGNAME}</arg>
</arguments>
<msg timestamp="20191023 11:23:53.724" level="INFO">${M4-ORGNAME} = GM1-生产演示公司-A</msg>
<status status="PASS" starttime="20191023 11:23:53.724" endtime="20191023 11:23:53.724"></status>
</kw>
<kw name="Set Global Variable" library="BuiltIn">
<doc>Makes a variable available globally in all tests and suites.</doc>
<arguments>
<arg>${M4-DEPARTMENT}</arg>
</arguments>
<msg timestamp="20191023 11:23:53.725" level="INFO">${M4-DEPARTMENT} = 自动化一级部门</msg>
<status status="PASS" starttime="20191023 11:23:53.724" endtime="20191023 11:23:53.725"></status>
</kw>
<kw name="Set Global Variable" library="BuiltIn">
<doc>Makes a variable available globally in all tests and suites.</doc>
<arguments>
<arg>${M4_INTER_DIR}</arg>
</arguments>
<msg timestamp="20191023 11:23:53.725" level="INFO">${M4_INTER_DIR} = D:\自动化\RFS\Resources</msg>
<status status="PASS" starttime="20191023 11:23:53.725" endtime="20191023 11:23:53.725"></status>
</kw>
<kw name="Set Global Variable" library="BuiltIn">
<doc>Makes a variable available globally in all tests and suites.</doc>
<arguments>
<arg>${M4_ServiceRuleTypeCode}</arg>
</arguments>
<msg timestamp="20191023 11:23:53.725" level="INFO">${M4_ServiceRuleTypeCode} = None</msg>
<status status="PASS" starttime="20191023 11:23:53.725" endtime="20191023 11:23:53.725"></status>
</kw>
<kw name="Close Current Excel Document" library="ExcelLibrary">
<doc>Closes current document.</doc>
<status status="PASS" starttime="20191023 11:23:53.725" endtime="20191023 11:23:53.725"></status>
</kw>
<status status="PASS" starttime="20191023 11:23:53.672" endtime="20191023 11:23:53.726"></status>
</kw>
<kw name="Set Selenium Implicit Wait" library="Selenium2Library">
<doc>Sets the implicit wait value used by Selenium.</doc>
<arguments>
<arg>5</arg>
</arguments>
<status status="PASS" starttime="20191023 11:23:53.726" endtime="20191023 11:23:53.726"></status>
</kw>
<kw name="打开" library="基础关键字">
<doc>打开一个浏览器(chrome),并打开客户地址</doc>
<arguments>
<arg>http://www.800jit.com/login.html</arg>
</arguments>
<kw name="Open Browser" library="Selenium2Library">
<doc>Opens a new browser instance to the given ``url``.</doc>
<arguments>
<arg>${url}</arg>
<arg>browser=Chrome</arg>
<arg>remote_url=${remote_url}</arg>
</arguments>
<msg timestamp="20191023 11:23:53.726" level="INFO">Opening browser 'Chrome' to base url 'http://www.800jit.com/login.html'.</msg>
<status status="PASS" starttime="20191023 11:23:53.726" endtime="20191023 11:23:57.005"></status>
</kw>
<kw name="Maximize Browser Window" library="Selenium2Library">
<doc>Maximizes current browser window.</doc>
<status status="PASS" starttime="20191023 11:23:57.005" endtime="20191023 11:23:58.128"></status>
</kw>
<status status="PASS" starttime="20191023 11:23:53.726" endtime="20191023 11:23:58.129"></status>
</kw>
<kw name="进入框架" library="基础关键字">
<doc>进入一个iframe</doc>
<arguments>
<arg>id=loginPanel</arg>
</arguments>
<kw name="Select Frame" library="Selenium2Library">
<doc>Sets frame identified by ``locator`` as the current frame.</doc>
<arguments>
<arg>${locator}</arg>
</arguments>
<msg timestamp="20191023 11:23:58.129" level="INFO">Selecting frame 'id=loginPanel'.</msg>
<status status="PASS" starttime="20191023 11:23:58.129" endtime="20191023 11:23:58.156"></status>
</kw>
<status status="PASS" starttime="20191023 11:23:58.129" endtime="20191023 11:23:58.156"></status>
</kw>
<kw name="输入" library="基础关键字">
<doc>文本框输入</doc>
<arguments>
<arg>id=username</arg>
<arg>${M3_USERNAME}</arg>
</arguments>
<kw name="Input Text" library="Selenium2Library">
<doc>Types the given ``text`` into text field identified by ``locator``.</doc>
<arguments>
<arg>${locator}</arg>
<arg>${text}</arg>
</arguments>
<msg timestamp="20191023 11:23:58.157" level="INFO">Typing text 'm3-自动化' into text field 'id=username'.</msg>
<status status="PASS" starttime="20191023 11:23:58.157" endtime="20191023 11:23:58.230"></status>
</kw>
<kw name="等待" library="基础关键字">
<arguments>
<arg>1</arg>
</arguments>
<kw name="Sleep" library="BuiltIn">
<doc>Pauses the test executed for the given time.</doc>
<arguments>
<arg>${time}</arg>
</arguments>
<msg timestamp="20191023 11:23:59.231" level="INFO">Slept 1 second</msg>
<status status="PASS" starttime="20191023 11:23:58.230" endtime="20191023 11:23:59.231"></status>
</kw>
<status status="PASS" starttime="20191023 11:23:58.230" endtime="20191023 11:23:59.231"></status>
</kw>
<status status="PASS" starttime="20191023 11:23:58.156" endtime="20191023 11:23:59.231"></status>
</kw>
<kw name="输入" library="基础关键字">
<doc>文本框输入</doc>
<arguments>
<arg>id=password</arg>
<arg>${M3_PASSWORD}</arg>
</arguments>
<kw name="Input Text" library="Selenium2Library">
<doc>Types the given ``text`` into text field identified by ``locator``.</doc>
<arguments>
<arg>${locator}</arg>
<arg>${text}</arg>
</arguments>
<msg timestamp="20191023 11:23:59.232" level="INFO">Typing text '110110110' into text field 'id=password'.</msg>
<status status="PASS" starttime="20191023 11:23:59.232" endtime="20191023 11:23:59.296"></status>
</kw>
<kw name="等待" library="基础关键字">
<arguments>
<arg>1</arg>
</arguments>
<kw name="Sleep" library="BuiltIn">
<doc>Pauses the test executed for the given time.</doc>
<arguments>
<arg>${time}</arg>
</arguments>
<msg timestamp="20191023 11:24:00.298" level="INFO">Slept 1 second</msg>
<status status="PASS" starttime="20191023 11:23:59.296" endtime="20191023 11:24:00.298"></status>
</kw>
<status status="PASS" starttime="20191023 11:23:59.296" endtime="20191023 11:24:00.298"></status>
</kw>
<status status="PASS" starttime="20191023 11:23:59.231" endtime="20191023 11:24:00.298"></status>
</kw>
<kw name="点击" library="基础关键字">
<doc>可以点击任何元素。</doc>
<arguments>
<arg>id=btn-submit</arg>
</arguments>
<kw name="Click Element" library="Selenium2Library">
<doc>Click element identified by ``locator``.</doc>
<arguments>
<arg>${locator}</arg>
</arguments>
<msg timestamp="20191023 11:24:00.298" level="INFO">Clicking element 'id=btn-submit'.</msg>
<status status="PASS" starttime="20191023 11:24:00.298" endtime="20191023 11:24:01.105"></status>
</kw>
<kw name="Sleep" library="BuiltIn">
<doc>Pauses the test executed for the given time.</doc>
<arguments>
<arg>1</arg>
</arguments>
<msg timestamp="20191023 11:24:02.107" level="INFO">Slept 1 second</msg>
<status status="PASS" starttime="20191023 11:24:01.106" endtime="20191023 11:24:02.107"></status>
</kw>
<status status="PASS" starttime="20191023 11:24:00.298" endtime="20191023 11:24:02.107"></status>
</kw>
<kw name="Wait Until Page Contains" library="Selenium2Library">
<doc>Waits until ``text`` appears on current page.</doc>
<arguments>
<arg>首页</arg>
</arguments>
<status status="PASS" starttime="20191023 11:24:02.107" endtime="20191023 11:24:03.561"></status>
</kw>
<kw name="离开框架" library="基础关键字">
<doc>进入最前端frame</doc>
<kw name="Unselect Frame" library="Selenium2Library">
<doc>Sets the main frame as the current frame.</doc>
<status status="PASS" starttime="20191023 11:24:03.561" endtime="20191023 11:24:03.563"></status>
</kw>
<status status="PASS" starttime="20191023 11:24:03.561" endtime="20191023 11:24:03.563"></status>
</kw>
<kw name="Create Session" library="OlymLibrary">
<doc>Create Session: create a HTTP session to a server</doc>
<arguments>
<arg>${M3_SESSION}</arg>
<arg>http://${M3_URL}</arg>
</arguments>
<msg timestamp="20191023 11:24:03.564" level="INFO">Creating Session using : alias=hd, url=http://cargotest.100jit.com, headers={},                     cookies=None, auth=None, timeout=None, proxies=None, verify=False,                     debug=0 </msg>
<status status="PASS" starttime="20191023 11:24:03.563" endtime="20191023 11:24:03.564"></status>
</kw>
<kw name="关闭更新弹框2" library="M3--菜单">
<kw name="获取匹配xpath的个数" library="基础关键字">
<arguments>
<arg>xpath=//div[@class='odw-body']//span[text()='不再提示']</arg>
</arguments>
<assign>
<var>${count}</var>
</assign>
<kw name="Get Matching Xpath Count" library="Selenium2Library">
<doc>*DEPRECATED in Selenium2Library 3.2.* Use `Get Element Count` instead.</doc>
<arguments>
<arg>${xpath}</arg>
</arguments>
<assign>
<var>${return}</var>
</assign>
<msg timestamp="20191023 11:24:03.565" level="WARN">Keyword 'Selenium2Library.Get Matching Xpath Count' is deprecated. Use `Get Element Count` instead.</msg>
<msg timestamp="20191023 11:24:03.703" level="INFO">${return} = 1</msg>
<status status="PASS" starttime="20191023 11:24:03.565" endtime="20191023 11:24:03.703"></status>
</kw>
<msg timestamp="20191023 11:24:03.703" level="INFO">${count} = 1</msg>
<status status="PASS" starttime="20191023 11:24:03.564" endtime="20191023 11:24:03.703"></status>
</kw>
<kw name="Run Keyword If" library="BuiltIn">
<doc>Runs the given keyword with the given arguments, if ``condition`` is true.</doc>
<arguments>
<arg>${count}&gt;0</arg>
<arg>点击</arg>
<arg>xpath=//span[text()='不再提示']/..</arg>
</arguments>
<kw name="点击" library="基础关键字">
<doc>可以点击任何元素。</doc>
<arguments>
<arg>xpath=//span[text()='不再提示']/..</arg>
</arguments>
<kw name="Click Element" library="Selenium2Library">
<doc>Click element identified by ``locator``.</doc>
<arguments>
<arg>${locator}</arg>
</arguments>
<msg timestamp="20191023 11:24:03.704" level="INFO">Clicking element 'xpath=//span[text()='不再提示']/..'.</msg>
<status status="PASS" starttime="20191023 11:24:03.704" endtime="20191023 11:24:03.751"></status>
</kw>
<kw name="Sleep" library="BuiltIn">
<doc>Pauses the test executed for the given time.</doc>
<arguments>
<arg>1</arg>
</arguments>
<msg timestamp="20191023 11:24:04.752" level="INFO">Slept 1 second</msg>
<status status="PASS" starttime="20191023 11:24:03.751" endtime="20191023 11:24:04.752"></status>
</kw>
<status status="PASS" starttime="20191023 11:24:03.703" endtime="20191023 11:24:04.752"></status>
</kw>
<status status="PASS" starttime="20191023 11:24:03.703" endtime="20191023 11:24:04.752"></status>
</kw>
<kw name="Wait Until Element Is Not Visible" library="Selenium2Library">
<doc>Waits until element ``locator`` is not visible.</doc>
<arguments>
<arg>xpath=//span[text()='不再提示']/..</arg>
</arguments>
<status status="PASS" starttime="20191023 11:24:04.752" endtime="20191023 11:24:09.802"></status>
</kw>
<status status="PASS" starttime="20191023 11:24:03.564" endtime="20191023 11:24:09.802"></status>
</kw>
<status status="PASS" starttime="20191023 11:23:53.672" endtime="20191023 11:24:09.802"></status>
</kw>
<kw name="点击系统设置" library="M3--菜单">
<kw name="Focus" library="Selenium2Library">
<doc>*DEPRECATED in Selenium2Library 3.2.* Use `Set Focus To Element` instead.</doc>
<arguments>
<arg>css=.icon-systemconfig</arg>
</arguments>
<msg timestamp="20191023 11:24:09.802" level="WARN">Keyword 'Selenium2Library.Focus' is deprecated. Use `Set Focus To Element` instead.</msg>
<status status="PASS" starttime="20191023 11:24:09.802" endtime="20191023 11:24:09.817"></status>
</kw>
<kw name="点击" library="基础关键字">
<doc>可以点击任何元素。</doc>
<arguments>
<arg>css=.icon-systemconfig</arg>
</arguments>
<kw name="Click Element" library="Selenium2Library">
<doc>Click element identified by ``locator``.</doc>
<arguments>
<arg>${locator}</arg>
</arguments>
<msg timestamp="20191023 11:24:09.818" level="INFO">Clicking element 'css=.icon-systemconfig'.</msg>
<status status="PASS" starttime="20191023 11:24:09.818" endtime="20191023 11:24:09.971"></status>
</kw>
<kw name="Sleep" library="BuiltIn">
<doc>Pauses the test executed for the given time.</doc>
<arguments>
<arg>1</arg>
</arguments>
<msg timestamp="20191023 11:24:10.974" level="INFO">Slept 1 second</msg>
<status status="PASS" starttime="20191023 11:24:09.971" endtime="20191023 11:24:10.974"></status>
</kw>
<status status="PASS" starttime="20191023 11:24:09.817" endtime="20191023 11:24:10.974"></status>
</kw>
<kw name="等待加载层消失" library="M3--菜单">
<kw name="Wait Until Element Is Not Visible" library="Selenium2Library">
<doc>Waits until element ``locator`` is not visible.</doc>
<arguments>
<arg>xpath=//div[contains(@class,'ant-spin-spinning')]</arg>
</arguments>
<status status="PASS" starttime="20191023 11:24:10.974" endtime="20191023 11:24:15.982"></status>
</kw>
<status status="PASS" starttime="20191023 11:24:10.974" endtime="20191023 11:24:15.982"></status>
</kw>
<status status="PASS" starttime="20191023 11:24:09.802" endtime="20191023 11:24:15.982"></status>
</kw>
<kw name="点击系统参数" library="M3--菜单">
<kw name="点击" library="基础关键字">
<doc>可以点击任何元素。</doc>
<arguments>
<arg>xpath=//a[text()='系统参数']</arg>
</arguments>
<kw name="Click Element" library="Selenium2Library">
<doc>Click element identified by ``locator``.</doc>
<arguments>
<arg>${locator}</arg>
</arguments>
<msg timestamp="20191023 11:24:15.983" level="INFO">Clicking element 'xpath=//a[text()='系统参数']'.</msg>
<status status="PASS" starttime="20191023 11:24:15.982" endtime="20191023 11:24:16.519"></status>
</kw>
<kw name="Sleep" library="BuiltIn">
<doc>Pauses the test executed for the given time.</doc>
<arguments>
<arg>1</arg>
</arguments>
<msg timestamp="20191023 11:24:17.521" level="INFO">Slept 1 second</msg>
<status status="PASS" starttime="20191023 11:24:16.519" endtime="20191023 11:24:17.521"></status>
</kw>
<status status="PASS" starttime="20191023 11:24:15.982" endtime="20191023 11:24:17.521"></status>
</kw>
<kw name="等待加载层消失" library="M3--菜单">
<kw name="Wait Until Element Is Not Visible" library="Selenium2Library">
<doc>Waits until element ``locator`` is not visible.</doc>
<arguments>
<arg>xpath=//div[contains(@class,'ant-spin-spinning')]</arg>
</arguments>
<status status="PASS" starttime="20191023 11:24:17.521" endtime="20191023 11:24:22.546"></status>
</kw>
<status status="PASS" starttime="20191023 11:24:17.521" endtime="20191023 11:24:22.546"></status>
</kw>
<status status="PASS" starttime="20191023 11:24:15.982" endtime="20191023 11:24:22.546"></status>
</kw>
<kw name="系统参数单选框设置" library="M3--业务">
<doc>系统参数设置页面，复选框的功能可用</doc>
<arguments>
<arg>group_name=sys_paras_new_invoicememu</arg>
<arg>value=1</arg>
</arguments>
<kw name="进入框架" library="基础关键字">
<doc>进入一个iframe</doc>
<arguments>
<arg>id=content</arg>
</arguments>
<kw name="Select Frame" library="Selenium2Library">
<doc>Sets frame identified by ``locator`` as the current frame.</doc>
<arguments>
<arg>${locator}</arg>
</arguments>
<msg timestamp="20191023 11:24:22.547" level="INFO">Selecting frame 'id=content'.</msg>
<status status="PASS" starttime="20191023 11:24:22.547" endtime="20191023 11:24:22.575"></status>
</kw>
<status status="PASS" starttime="20191023 11:24:22.547" endtime="20191023 11:24:22.575"></status>
</kw>
<kw name="单选框选择" library="基础关键字">
<arguments>
<arg>group_name=${group_name}</arg>
<arg>value=${value}</arg>
</arguments>
<kw name="Select Radio Button" library="Selenium2Library">
<doc>Sets radio button group ``group_name`` to ``value``.</doc>
<arguments>
<arg>${group_name}</arg>
<arg>${value}</arg>
</arguments>
<msg timestamp="20191023 11:24:22.576" level="INFO">Selecting '1' from radio button 'sys_paras_new_invoicememu'.</msg>
<status status="PASS" starttime="20191023 11:24:22.576" endtime="20191023 11:24:22.594"></status>
</kw>
<status status="PASS" starttime="20191023 11:24:22.575" endtime="20191023 11:24:22.594"></status>
</kw>
<kw name="离开框架" library="基础关键字">
<doc>进入最前端frame</doc>
<kw name="Unselect Frame" library="Selenium2Library">
<doc>Sets the main frame as the current frame.</doc>
<status status="PASS" starttime="20191023 11:24:22.594" endtime="20191023 11:24:22.597"></status>
</kw>
<status status="PASS" starttime="20191023 11:24:22.594" endtime="20191023 11:24:22.597"></status>
</kw>
<status status="PASS" starttime="20191023 11:24:22.546" endtime="20191023 11:24:22.597"></status>
</kw>
<kw name="系统参数单选框设置" library="M3--业务">
<doc>系统参数设置页面，复选框的功能可用</doc>
<arguments>
<arg>group_name=sys_paras_checkaccount_payaudit</arg>
<arg>value=0</arg>
</arguments>
<kw name="进入框架" library="基础关键字">
<doc>进入一个iframe</doc>
<arguments>
<arg>id=content</arg>
</arguments>
<kw name="Select Frame" library="Selenium2Library">
<doc>Sets frame identified by ``locator`` as the current frame.</doc>
<arguments>
<arg>${locator}</arg>
</arguments>
<msg timestamp="20191023 11:24:22.597" level="INFO">Selecting frame 'id=content'.</msg>
<status status="PASS" starttime="20191023 11:24:22.597" endtime="20191023 11:24:22.613"></status>
</kw>
<status status="PASS" starttime="20191023 11:24:22.597" endtime="20191023 11:24:22.613"></status>
</kw>
<kw name="单选框选择" library="基础关键字">
<arguments>
<arg>group_name=${group_name}</arg>
<arg>value=${value}</arg>
</arguments>
<kw name="Select Radio Button" library="Selenium2Library">
<doc>Sets radio button group ``group_name`` to ``value``.</doc>
<arguments>
<arg>${group_name}</arg>
<arg>${value}</arg>
</arguments>
<msg timestamp="20191023 11:24:22.614" level="INFO">Selecting '0' from radio button 'sys_paras_checkaccount_payaudit'.</msg>
<status status="PASS" starttime="20191023 11:24:22.613" endtime="20191023 11:24:22.631"></status>
</kw>
<status status="PASS" starttime="20191023 11:24:22.613" endtime="20191023 11:24:22.631"></status>
</kw>
<kw name="离开框架" library="基础关键字">
<doc>进入最前端frame</doc>
<kw name="Unselect Frame" library="Selenium2Library">
<doc>Sets the main frame as the current frame.</doc>
<status status="PASS" starttime="20191023 11:24:22.631" endtime="20191023 11:24:22.634"></status>
</kw>
<status status="PASS" starttime="20191023 11:24:22.631" endtime="20191023 11:24:22.634"></status>
</kw>
<status status="PASS" starttime="20191023 11:24:22.597" endtime="20191023 11:24:22.634"></status>
</kw>
<kw name="系统参数下拉框设置" library="M3--业务">
<arguments>
<arg>id=sys_paras_iv_writeoff_start</arg>
<arg>1</arg>
</arguments>
<kw name="进入列表页面框架" library="M3--业务">
<kw name="进入框架" library="基础关键字">
<doc>进入一个iframe</doc>
<arguments>
<arg>id=content</arg>
</arguments>
<kw name="Select Frame" library="Selenium2Library">
<doc>Sets frame identified by ``locator`` as the current frame.</doc>
<arguments>
<arg>${locator}</arg>
</arguments>
<msg timestamp="20191023 11:24:22.635" level="INFO">Selecting frame 'id=content'.</msg>
<status status="PASS" starttime="20191023 11:24:22.635" endtime="20191023 11:24:22.652"></status>
</kw>
<status status="PASS" starttime="20191023 11:24:22.635" endtime="20191023 11:24:22.653"></status>
</kw>
<status status="PASS" starttime="20191023 11:24:22.635" endtime="20191023 11:24:22.653"></status>
</kw>
<kw name="下拉选择byValue" library="基础关键字">
<arguments>
<arg>${locator}</arg>
<arg>${value}</arg>
</arguments>
<kw name="Select From List By Value" library="Selenium2Library">
<doc>Selects options from selection list ``locator`` by ``values``.</doc>
<arguments>
<arg>${locator}</arg>
<arg>${value}</arg>
</arguments>
<msg timestamp="20191023 11:24:22.653" level="INFO">Selecting options from selection list 'id=sys_paras_iv_writeoff_start' by value 1.</msg>
<status status="PASS" starttime="20191023 11:24:22.653" endtime="20191023 11:24:22.718"></status>
</kw>
<kw name="等待" library="基础关键字">
<arguments>
<arg>1</arg>
</arguments>
<kw name="Sleep" library="BuiltIn">
<doc>Pauses the test executed for the given time.</doc>
<arguments>
<arg>${time}</arg>
</arguments>
<msg timestamp="20191023 11:24:23.719" level="INFO">Slept 1 second</msg>
<status status="PASS" starttime="20191023 11:24:22.718" endtime="20191023 11:24:23.719"></status>
</kw>
<status status="PASS" starttime="20191023 11:24:22.718" endtime="20191023 11:24:23.719"></status>
</kw>
<status status="PASS" starttime="20191023 11:24:22.653" endtime="20191023 11:24:23.719"></status>
</kw>
<kw name="离开框架" library="基础关键字">
<doc>进入最前端frame</doc>
<kw name="Unselect Frame" library="Selenium2Library">
<doc>Sets the main frame as the current frame.</doc>
<status status="PASS" starttime="20191023 11:24:23.719" endtime="20191023 11:24:23.722"></status>
</kw>
<status status="PASS" starttime="20191023 11:24:23.719" endtime="20191023 11:24:23.722"></status>
</kw>
<status status="PASS" starttime="20191023 11:24:22.634" endtime="20191023 11:24:23.723"></status>
</kw>
<kw name="系统参数单选框设置" library="M3--业务">
<doc>系统参数设置页面，复选框的功能可用</doc>
<arguments>
<arg>group_name=sys_paras_allow_writeoff</arg>
<arg>value=0</arg>
</arguments>
<kw name="进入框架" library="基础关键字">
<doc>进入一个iframe</doc>
<arguments>
<arg>id=content</arg>
</arguments>
<kw name="Select Frame" library="Selenium2Library">
<doc>Sets frame identified by ``locator`` as the current frame.</doc>
<arguments>
<arg>${locator}</arg>
</arguments>
<msg timestamp="20191023 11:24:23.723" level="INFO">Selecting frame 'id=content'.</msg>
<status status="PASS" starttime="20191023 11:24:23.723" endtime="20191023 11:24:23.741"></status>
</kw>
<status status="PASS" starttime="20191023 11:24:23.723" endtime="20191023 11:24:23.741"></status>
</kw>
<kw name="单选框选择" library="基础关键字">
<arguments>
<arg>group_name=${group_name}</arg>
<arg>value=${value}</arg>
</arguments>
<kw name="Select Radio Button" library="Selenium2Library">
<doc>Sets radio button group ``group_name`` to ``value``.</doc>
<arguments>
<arg>${group_name}</arg>
<arg>${value}</arg>
</arguments>
<msg timestamp="20191023 11:24:23.742" level="INFO">Selecting '0' from radio button 'sys_paras_allow_writeoff'.</msg>
<status status="PASS" starttime="20191023 11:24:23.742" endtime="20191023 11:24:23.760"></status>
</kw>
<status status="PASS" starttime="20191023 11:24:23.741" endtime="20191023 11:24:23.760"></status>
</kw>
<kw name="离开框架" library="基础关键字">
<doc>进入最前端frame</doc>
<kw name="Unselect Frame" library="Selenium2Library">
<doc>Sets the main frame as the current frame.</doc>
<status status="PASS" starttime="20191023 11:24:23.760" endtime="20191023 11:24:23.762"></status>
</kw>
<status status="PASS" starttime="20191023 11:24:23.760" endtime="20191023 11:24:23.762"></status>
</kw>
<status status="PASS" starttime="20191023 11:24:23.723" endtime="20191023 11:24:23.762"></status>
</kw>
<kw name="系统参数单选框设置" library="M3--业务">
<doc>系统参数设置页面，复选框的功能可用</doc>
<arguments>
<arg>group_name=sys_paras_fee_confirm</arg>
<arg>value=0</arg>
</arguments>
<kw name="进入框架" library="基础关键字">
<doc>进入一个iframe</doc>
<arguments>
<arg>id=content</arg>
</arguments>
<kw name="Select Frame" library="Selenium2Library">
<doc>Sets frame identified by ``locator`` as the current frame.</doc>
<arguments>
<arg>${locator}</arg>
</arguments>
<msg timestamp="20191023 11:24:23.763" level="INFO">Selecting frame 'id=content'.</msg>
<status status="PASS" starttime="20191023 11:24:23.763" endtime="20191023 11:24:23.778"></status>
</kw>
<status status="PASS" starttime="20191023 11:24:23.763" endtime="20191023 11:24:23.778"></status>
</kw>
<kw name="单选框选择" library="基础关键字">
<arguments>
<arg>group_name=${group_name}</arg>
<arg>value=${value}</arg>
</arguments>
<kw name="Select Radio Button" library="Selenium2Library">
<doc>Sets radio button group ``group_name`` to ``value``.</doc>
<arguments>
<arg>${group_name}</arg>
<arg>${value}</arg>
</arguments>
<msg timestamp="20191023 11:24:23.779" level="INFO">Selecting '0' from radio button 'sys_paras_fee_confirm'.</msg>
<status status="PASS" starttime="20191023 11:24:23.779" endtime="20191023 11:24:23.796"></status>
</kw>
<status status="PASS" starttime="20191023 11:24:23.779" endtime="20191023 11:24:23.797"></status>
</kw>
<kw name="离开框架" library="基础关键字">
<doc>进入最前端frame</doc>
<kw name="Unselect Frame" library="Selenium2Library">
<doc>Sets the main frame as the current frame.</doc>
<status status="PASS" starttime="20191023 11:24:23.797" endtime="20191023 11:24:23.799"></status>
</kw>
<status status="PASS" starttime="20191023 11:24:23.797" endtime="20191023 11:24:23.799"></status>
</kw>
<status status="PASS" starttime="20191023 11:24:23.762" endtime="20191023 11:24:23.799"></status>
</kw>
<kw name="系统参数单选框设置" library="M3--业务">
<doc>系统参数设置页面，复选框的功能可用</doc>
<arguments>
<arg>group_name=sys_paras_invoice_recfeeaudit</arg>
<arg>value=0</arg>
</arguments>
<kw name="进入框架" library="基础关键字">
<doc>进入一个iframe</doc>
<arguments>
<arg>id=content</arg>
</arguments>
<kw name="Select Frame" library="Selenium2Library">
<doc>Sets frame identified by ``locator`` as the current frame.</doc>
<arguments>
<arg>${locator}</arg>
</arguments>
<msg timestamp="20191023 11:24:23.800" level="INFO">Selecting frame 'id=content'.</msg>
<status status="PASS" starttime="20191023 11:24:23.800" endtime="20191023 11:24:23.818"></status>
</kw>
<status status="PASS" starttime="20191023 11:24:23.800" endtime="20191023 11:24:23.818"></status>
</kw>
<kw name="单选框选择" library="基础关键字">
<arguments>
<arg>group_name=${group_name}</arg>
<arg>value=${value}</arg>
</arguments>
<kw name="Select Radio Button" library="Selenium2Library">
<doc>Sets radio button group ``group_name`` to ``value``.</doc>
<arguments>
<arg>${group_name}</arg>
<arg>${value}</arg>
</arguments>
<msg timestamp="20191023 11:24:23.818" level="INFO">Selecting '0' from radio button 'sys_paras_invoice_recfeeaudit'.</msg>
<status status="PASS" starttime="20191023 11:24:23.818" endtime="20191023 11:24:23.836"></status>
</kw>
<status status="PASS" starttime="20191023 11:24:23.818" endtime="20191023 11:24:23.836"></status>
</kw>
<kw name="离开框架" library="基础关键字">
<doc>进入最前端frame</doc>
<kw name="Unselect Frame" library="Selenium2Library">
<doc>Sets the main frame as the current frame.</doc>
<status status="PASS" starttime="20191023 11:24:23.836" endtime="20191023 11:24:23.838"></status>
</kw>
<status status="PASS" starttime="20191023 11:24:23.836" endtime="20191023 11:24:23.838"></status>
</kw>
<status status="PASS" starttime="20191023 11:24:23.800" endtime="20191023 11:24:23.838"></status>
</kw>
<kw name="系统参数设置点击保存" library="M3--业务">
<kw name="进入框架" library="基础关键字">
<doc>进入一个iframe</doc>
<arguments>
<arg>id=content</arg>
</arguments>
<kw name="Select Frame" library="Selenium2Library">
<doc>Sets frame identified by ``locator`` as the current frame.</doc>
<arguments>
<arg>${locator}</arg>
</arguments>
<msg timestamp="20191023 11:24:23.839" level="INFO">Selecting frame 'id=content'.</msg>
<status status="PASS" starttime="20191023 11:24:23.839" endtime="20191023 11:24:23.854"></status>
</kw>
<status status="PASS" starttime="20191023 11:24:23.839" endtime="20191023 11:24:23.855"></status>
</kw>
<kw name="点击" library="基础关键字">
<doc>可以点击任何元素。</doc>
<arguments>
<arg>id=bt_save</arg>
</arguments>
<kw name="Click Element" library="Selenium2Library">
<doc>Click element identified by ``locator``.</doc>
<arguments>
<arg>${locator}</arg>
</arguments>
<msg timestamp="20191023 11:24:23.855" level="INFO">Clicking element 'id=bt_save'.</msg>
<status status="PASS" starttime="20191023 11:24:23.855" endtime="20191023 11:24:24.631"></status>
</kw>
<kw name="Sleep" library="BuiltIn">
<doc>Pauses the test executed for the given time.</doc>
<arguments>
<arg>1</arg>
</arguments>
<msg timestamp="20191023 11:24:25.633" level="INFO">Slept 1 second</msg>
<status status="PASS" starttime="20191023 11:24:24.631" endtime="20191023 11:24:25.633"></status>
</kw>
<status status="PASS" starttime="20191023 11:24:23.855" endtime="20191023 11:24:25.633"></status>
</kw>
<kw name="离开框架" library="基础关键字">
<doc>进入最前端frame</doc>
<kw name="Unselect Frame" library="Selenium2Library">
<doc>Sets the main frame as the current frame.</doc>
<status status="PASS" starttime="20191023 11:24:25.633" endtime="20191023 11:24:25.636"></status>
</kw>
<status status="PASS" starttime="20191023 11:24:25.633" endtime="20191023 11:24:25.636"></status>
</kw>
<status status="PASS" starttime="20191023 11:24:23.838" endtime="20191023 11:24:25.636"></status>
</kw>
<kw name="点击财务参数" library="M3--菜单">
<kw name="点击" library="基础关键字">
<doc>可以点击任何元素。</doc>
<arguments>
<arg>xpath=//a[text()='财务参数']</arg>
</arguments>
<kw name="Click Element" library="Selenium2Library">
<doc>Click element identified by ``locator``.</doc>
<arguments>
<arg>${locator}</arg>
</arguments>
<msg timestamp="20191023 11:24:25.637" level="INFO">Clicking element 'xpath=//a[text()='财务参数']'.</msg>
<status status="PASS" starttime="20191023 11:24:25.637" endtime="20191023 11:24:26.247"></status>
</kw>
<kw name="Sleep" library="BuiltIn">
<doc>Pauses the test executed for the given time.</doc>
<arguments>
<arg>1</arg>
</arguments>
<msg timestamp="20191023 11:24:27.249" level="INFO">Slept 1 second</msg>
<status status="PASS" starttime="20191023 11:24:26.247" endtime="20191023 11:24:27.249"></status>
</kw>
<status status="PASS" starttime="20191023 11:24:25.637" endtime="20191023 11:24:27.249"></status>
</kw>
<kw name="等待加载层消失" library="M3--菜单">
<kw name="Wait Until Element Is Not Visible" library="Selenium2Library">
<doc>Waits until element ``locator`` is not visible.</doc>
<arguments>
<arg>xpath=//div[contains(@class,'ant-spin-spinning')]</arg>
</arguments>
<status status="PASS" starttime="20191023 11:24:27.249" endtime="20191023 11:24:32.254"></status>
</kw>
<status status="PASS" starttime="20191023 11:24:27.249" endtime="20191023 11:24:32.254"></status>
</kw>
<status status="PASS" starttime="20191023 11:24:25.636" endtime="20191023 11:24:32.254"></status>
</kw>
<kw name="系统参数下拉框设置" library="M3--业务">
<arguments>
<arg>id=sys_paras_financialsoftware</arg>
<arg>value=-1</arg>
</arguments>
<kw name="进入列表页面框架" library="M3--业务">
<kw name="进入框架" library="基础关键字">
<doc>进入一个iframe</doc>
<arguments>
<arg>id=content</arg>
</arguments>
<kw name="Select Frame" library="Selenium2Library">
<doc>Sets frame identified by ``locator`` as the current frame.</doc>
<arguments>
<arg>${locator}</arg>
</arguments>
<msg timestamp="20191023 11:24:32.255" level="INFO">Selecting frame 'id=content'.</msg>
<status status="PASS" starttime="20191023 11:24:32.255" endtime="20191023 11:24:32.272"></status>
</kw>
<status status="PASS" starttime="20191023 11:24:32.255" endtime="20191023 11:24:32.272"></status>
</kw>
<status status="PASS" starttime="20191023 11:24:32.255" endtime="20191023 11:24:32.272"></status>
</kw>
<kw name="下拉选择byValue" library="基础关键字">
<arguments>
<arg>${locator}</arg>
<arg>${value}</arg>
</arguments>
<kw name="Select From List By Value" library="Selenium2Library">
<doc>Selects options from selection list ``locator`` by ``values``.</doc>
<arguments>
<arg>${locator}</arg>
<arg>${value}</arg>
</arguments>
<msg timestamp="20191023 11:24:32.272" level="INFO">Selecting options from selection list 'id=sys_paras_financialsoftware' by value -1.</msg>
<status status="PASS" starttime="20191023 11:24:32.272" endtime="20191023 11:24:32.309"></status>
</kw>
<kw name="等待" library="基础关键字">
<arguments>
<arg>1</arg>
</arguments>
<kw name="Sleep" library="BuiltIn">
<doc>Pauses the test executed for the given time.</doc>
<arguments>
<arg>${time}</arg>
</arguments>
<msg timestamp="20191023 11:24:33.311" level="INFO">Slept 1 second</msg>
<status status="PASS" starttime="20191023 11:24:32.309" endtime="20191023 11:24:33.311"></status>
</kw>
<status status="PASS" starttime="20191023 11:24:32.309" endtime="20191023 11:24:33.311"></status>
</kw>
<status status="PASS" starttime="20191023 11:24:32.272" endtime="20191023 11:24:33.311"></status>
</kw>
<kw name="离开框架" library="基础关键字">
<doc>进入最前端frame</doc>
<kw name="Unselect Frame" library="Selenium2Library">
<doc>Sets the main frame as the current frame.</doc>
<status status="PASS" starttime="20191023 11:24:33.312" endtime="20191023 11:24:33.315"></status>
</kw>
<status status="PASS" starttime="20191023 11:24:33.311" endtime="20191023 11:24:33.315"></status>
</kw>
<status status="PASS" starttime="20191023 11:24:32.254" endtime="20191023 11:24:33.315"></status>
</kw>
<kw name="系统参数设置点击保存" library="M3--业务">
<kw name="进入框架" library="基础关键字">
<doc>进入一个iframe</doc>
<arguments>
<arg>id=content</arg>
</arguments>
<kw name="Select Frame" library="Selenium2Library">
<doc>Sets frame identified by ``locator`` as the current frame.</doc>
<arguments>
<arg>${locator}</arg>
</arguments>
<msg timestamp="20191023 11:24:33.316" level="INFO">Selecting frame 'id=content'.</msg>
<status status="PASS" starttime="20191023 11:24:33.315" endtime="20191023 11:24:33.332"></status>
</kw>
<status status="PASS" starttime="20191023 11:24:33.315" endtime="20191023 11:24:33.332"></status>
</kw>
<kw name="点击" library="基础关键字">
<doc>可以点击任何元素。</doc>
<arguments>
<arg>id=bt_save</arg>
</arguments>
<kw name="Click Element" library="Selenium2Library">
<doc>Click element identified by ``locator``.</doc>
<arguments>
<arg>${locator}</arg>
</arguments>
<msg timestamp="20191023 11:24:33.332" level="INFO">Clicking element 'id=bt_save'.</msg>
<status status="PASS" starttime="20191023 11:24:33.332" endtime="20191023 11:24:33.751"></status>
</kw>
<kw name="Sleep" library="BuiltIn">
<doc>Pauses the test executed for the given time.</doc>
<arguments>
<arg>1</arg>
</arguments>
<msg timestamp="20191023 11:24:34.752" level="INFO">Slept 1 second</msg>
<status status="PASS" starttime="20191023 11:24:33.751" endtime="20191023 11:24:34.752"></status>
</kw>
<status status="PASS" starttime="20191023 11:24:33.332" endtime="20191023 11:24:34.752"></status>
</kw>
<kw name="离开框架" library="基础关键字">
<doc>进入最前端frame</doc>
<kw name="Unselect Frame" library="Selenium2Library">
<doc>Sets the main frame as the current frame.</doc>
<status status="PASS" starttime="20191023 11:24:34.752" endtime="20191023 11:24:34.755"></status>
</kw>
<status status="PASS" starttime="20191023 11:24:34.752" endtime="20191023 11:24:34.755"></status>
</kw>
<status status="PASS" starttime="20191023 11:24:33.315" endtime="20191023 11:24:34.755"></status>
</kw>
<kw name="点击系统设置" library="M3--菜单">
<kw name="Focus" library="Selenium2Library">
<doc>*DEPRECATED in Selenium2Library 3.2.* Use `Set Focus To Element` instead.</doc>
<arguments>
<arg>css=.icon-systemconfig</arg>
</arguments>
<msg timestamp="20191023 11:24:34.756" level="WARN">Keyword 'Selenium2Library.Focus' is deprecated. Use `Set Focus To Element` instead.</msg>
<status status="PASS" starttime="20191023 11:24:34.756" endtime="20191023 11:24:34.768"></status>
</kw>
<kw name="点击" library="基础关键字">
<doc>可以点击任何元素。</doc>
<arguments>
<arg>css=.icon-systemconfig</arg>
</arguments>
<kw name="Click Element" library="Selenium2Library">
<doc>Click element identified by ``locator``.</doc>
<arguments>
<arg>${locator}</arg>
</arguments>
<msg timestamp="20191023 11:24:34.769" level="INFO">Clicking element 'css=.icon-systemconfig'.</msg>
<status status="PASS" starttime="20191023 11:24:34.769" endtime="20191023 11:24:34.827"></status>
</kw>
<kw name="Sleep" library="BuiltIn">
<doc>Pauses the test executed for the given time.</doc>
<arguments>
<arg>1</arg>
</arguments>
<msg timestamp="20191023 11:24:35.828" level="INFO">Slept 1 second</msg>
<status status="PASS" starttime="20191023 11:24:34.827" endtime="20191023 11:24:35.828"></status>
</kw>
<status status="PASS" starttime="20191023 11:24:34.768" endtime="20191023 11:24:35.828"></status>
</kw>
<kw name="等待加载层消失" library="M3--菜单">
<kw name="Wait Until Element Is Not Visible" library="Selenium2Library">
<doc>Waits until element ``locator`` is not visible.</doc>
<arguments>
<arg>xpath=//div[contains(@class,'ant-spin-spinning')]</arg>
</arguments>
<status status="PASS" starttime="20191023 11:24:35.828" endtime="20191023 11:24:40.887"></status>
</kw>
<status status="PASS" starttime="20191023 11:24:35.828" endtime="20191023 11:24:40.887"></status>
</kw>
<status status="PASS" starttime="20191023 11:24:34.755" endtime="20191023 11:24:40.887"></status>
</kw>
<kw name="退出" library="M3--业务">
<kw name="Execute Javascript" library="Selenium2Library">
<doc>Executes the given JavaScript code with possible arguments.</doc>
<arguments>
<arg>jQuery("span:contains('退出')").click();</arg>
</arguments>
<msg timestamp="20191023 11:24:40.888" level="INFO">Executing JavaScript:
jQuery("span:contains('退出')").click();
Without any arguments.</msg>
<status status="PASS" starttime="20191023 11:24:40.888" endtime="20191023 11:24:41.448"></status>
</kw>
<status status="PASS" starttime="20191023 11:24:40.887" endtime="20191023 11:24:41.448"></status>
</kw>
<kw name="关闭浏览器" library="基础关键字">
<kw name="Close Browser" library="Selenium2Library">
<doc>Closes the current browser.</doc>
<status status="PASS" starttime="20191023 11:24:41.449" endtime="20191023 11:24:44.424"></status>
</kw>
<status status="PASS" starttime="20191023 11:24:41.448" endtime="20191023 11:24:44.424"></status>
</kw>
<status status="PASS" starttime="20191023 11:23:53.672" endtime="20191023 11:24:44.424"></status>
</kw>
<kw name="登录" library="M3--菜单">
<kw name="读取货代登录配置信息" library="货代业务数据">
<doc>不同环境测试时，请修改 文件名</doc>
<kw name="Open Excel Document" library="ExcelLibrary">
<doc>Opens xlsx document file.</doc>
<arguments>
<arg>D:\\自动化\\RFS\\Resources\\login\\user_login-生产.xlsx</arg>
<arg>user</arg>
</arguments>
<status status="PASS" starttime="20191023 11:24:44.425" endtime="20191023 11:24:44.450"></status>
</kw>
<kw name="Read Excel Cell" library="ExcelLibrary">
<doc>Returns content of a cell.</doc>
<arguments>
<arg>2</arg>
<arg>3</arg>
</arguments>
<assign>
<var>${M1_URL}</var>
</assign>
<msg timestamp="20191023 11:24:44.450" level="INFO">${M1_URL} = saas.800jit.com</msg>
<status status="PASS" starttime="20191023 11:24:44.450" endtime="20191023 11:24:44.450"></status>
</kw>
<kw name="Read Excel Cell" library="ExcelLibrary">
<doc>Returns content of a cell.</doc>
<arguments>
<arg>2</arg>
<arg>4</arg>
</arguments>
<assign>
<var>${M1_FULLNAME}</var>
</assign>
<msg timestamp="20191023 11:24:44.451" level="INFO">${M1_FULLNAME} = 测试</msg>
<status status="PASS" starttime="20191023 11:24:44.450" endtime="20191023 11:24:44.451"></status>
</kw>
<kw name="Read Excel Cell" library="ExcelLibrary">
<doc>Returns content of a cell.</doc>
<arguments>
<arg>2</arg>
<arg>5</arg>
</arguments>
<assign>
<var>${M1_USERNAME}</var>
</assign>
<msg timestamp="20191023 11:24:44.451" level="INFO">${M1_USERNAME} = w01@800jit.com</msg>
<status status="PASS" starttime="20191023 11:24:44.451" endtime="20191023 11:24:44.451"></status>
</kw>
<kw name="Read Excel Cell" library="ExcelLibrary">
<doc>Returns content of a cell.</doc>
<arguments>
<arg>2</arg>
<arg>6</arg>
</arguments>
<assign>
<var>${M1_PASSWORD}</var>
</assign>
<msg timestamp="20191023 11:24:44.451" level="INFO">${M1_PASSWORD} = 3aS2KG</msg>
<status status="PASS" starttime="20191023 11:24:44.451" endtime="20191023 11:24:44.451"></status>
</kw>
<kw name="Comment" library="BuiltIn">
<doc>Displays the given messages in the log file as keyword arguments.</doc>
<arguments>
<arg>Open Excel</arg>
<arg>D:\\自动化\\RFS\\Resources\\login\\user_login-测试.xls</arg>
</arguments>
<status status="PASS" starttime="20191023 11:24:44.451" endtime="20191023 11:24:44.451"></status>
</kw>
<kw name="Set Variable" library="BuiltIn">
<doc>Returns the given values which can then be assigned to a variables.</doc>
<arguments>
<arg>D:\\自动化\\RFS\\Resources</arg>
</arguments>
<assign>
<var>${M4_INTER_DIR}</var>
</assign>
<msg timestamp="20191023 11:24:44.452" level="INFO">${M4_INTER_DIR} = D:\自动化\RFS\Resources</msg>
<status status="PASS" starttime="20191023 11:24:44.451" endtime="20191023 11:24:44.452"></status>
</kw>
<kw name="Comment" library="BuiltIn">
<doc>Displays the given messages in the log file as keyword arguments.</doc>
<arguments>
<arg>${M1_URL}</arg>
<arg>Read Cell Data By Name</arg>
<arg>Sheet1</arg>
<arg>C2</arg>
</arguments>
<status status="PASS" starttime="20191023 11:24:44.452" endtime="20191023 11:24:44.452"></status>
</kw>
<kw name="Comment" library="BuiltIn">
<doc>Displays the given messages in the log file as keyword arguments.</doc>
<arguments>
<arg>${M1_FULLNAME}</arg>
<arg>Read Cell Data By Name</arg>
<arg>Sheet1</arg>
<arg>D2</arg>
</arguments>
<status status="PASS" starttime="20191023 11:24:44.452" endtime="20191023 11:24:44.452"></status>
</kw>
<kw name="Comment" library="BuiltIn">
<doc>Displays the given messages in the log file as keyword arguments.</doc>
<arguments>
<arg>${M1_USERNAME}</arg>
<arg>Read Cell Data By Name</arg>
<arg>Sheet1</arg>
<arg>E2</arg>
</arguments>
<status status="PASS" starttime="20191023 11:24:44.452" endtime="20191023 11:24:44.452"></status>
</kw>
<kw name="Comment" library="BuiltIn">
<doc>Displays the given messages in the log file as keyword arguments.</doc>
<arguments>
<arg>${M1_PASSWORD}</arg>
<arg>Read Cell Data By Name</arg>
<arg>Sheet1</arg>
<arg>F2</arg>
</arguments>
<status status="PASS" starttime="20191023 11:24:44.452" endtime="20191023 11:24:44.452"></status>
</kw>
<kw name="Set Global Variable" library="BuiltIn">
<doc>Makes a variable available globally in all tests and suites.</doc>
<arguments>
<arg>${M1_URL}</arg>
</arguments>
<msg timestamp="20191023 11:24:44.453" level="INFO">${M1_URL} = saas.800jit.com</msg>
<status status="PASS" starttime="20191023 11:24:44.452" endtime="20191023 11:24:44.453"></status>
</kw>
<kw name="Set Global Variable" library="BuiltIn">
<doc>Makes a variable available globally in all tests and suites.</doc>
<arguments>
<arg>${M1_FULLNAME}</arg>
</arguments>
<msg timestamp="20191023 11:24:44.453" level="INFO">${M1_FULLNAME} = 测试</msg>
<status status="PASS" starttime="20191023 11:24:44.453" endtime="20191023 11:24:44.453"></status>
</kw>
<kw name="Set Global Variable" library="BuiltIn">
<doc>Makes a variable available globally in all tests and suites.</doc>
<arguments>
<arg>${M1_USERNAME}</arg>
</arguments>
<msg timestamp="20191023 11:24:44.453" level="INFO">${M1_USERNAME} = w01@800jit.com</msg>
<status status="PASS" starttime="20191023 11:24:44.453" endtime="20191023 11:24:44.453"></status>
</kw>
<kw name="Set Global Variable" library="BuiltIn">
<doc>Makes a variable available globally in all tests and suites.</doc>
<arguments>
<arg>${M1_PASSWORD}</arg>
</arguments>
<msg timestamp="20191023 11:24:44.454" level="INFO">${M1_PASSWORD} = 3aS2KG</msg>
<status status="PASS" starttime="20191023 11:24:44.453" endtime="20191023 11:24:44.454"></status>
</kw>
<kw name="Read Excel Cell" library="ExcelLibrary">
<doc>Returns content of a cell.</doc>
<arguments>
<arg>3</arg>
<arg>3</arg>
</arguments>
<assign>
<var>${M2_URL}</var>
</assign>
<msg timestamp="20191023 11:24:44.454" level="INFO">${M2_URL} = saas.800jit.com</msg>
<status status="PASS" starttime="20191023 11:24:44.454" endtime="20191023 11:24:44.454"></status>
</kw>
<kw name="Read Excel Cell" library="ExcelLibrary">
<doc>Returns content of a cell.</doc>
<arguments>
<arg>3</arg>
<arg>4</arg>
</arguments>
<assign>
<var>${M2_FULLNAME}</var>
</assign>
<msg timestamp="20191023 11:24:44.454" level="INFO">${M2_FULLNAME} = 自动化</msg>
<status status="PASS" starttime="20191023 11:24:44.454" endtime="20191023 11:24:44.454"></status>
</kw>
<kw name="Read Excel Cell" library="ExcelLibrary">
<doc>Returns content of a cell.</doc>
<arguments>
<arg>3</arg>
<arg>5</arg>
</arguments>
<assign>
<var>${M2_USERNAME}</var>
</assign>
<msg timestamp="20191023 11:24:44.454" level="INFO">${M2_USERNAME} = m2-自动化</msg>
<status status="PASS" starttime="20191023 11:24:44.454" endtime="20191023 11:24:44.454"></status>
</kw>
<kw name="Read Excel Cell" library="ExcelLibrary">
<doc>Returns content of a cell.</doc>
<arguments>
<arg>3</arg>
<arg>6</arg>
</arguments>
<assign>
<var>${M2_PASSWORD}</var>
</assign>
<msg timestamp="20191023 11:24:44.455" level="INFO">${M2_PASSWORD} = 111111</msg>
<status status="PASS" starttime="20191023 11:24:44.454" endtime="20191023 11:24:44.455"></status>
</kw>
<kw name="Comment" library="BuiltIn">
<doc>Displays the given messages in the log file as keyword arguments.</doc>
<arguments>
<arg>${M2_URL}</arg>
<arg>Read Cell Data By Name</arg>
<arg>Sheet1</arg>
<arg>C3</arg>
</arguments>
<status status="PASS" starttime="20191023 11:24:44.455" endtime="20191023 11:24:44.455"></status>
</kw>
<kw name="Comment" library="BuiltIn">
<doc>Displays the given messages in the log file as keyword arguments.</doc>
<arguments>
<arg>${M2_FULLNAME}</arg>
<arg>Read Cell Data By Name</arg>
<arg>Sheet1</arg>
<arg>D3</arg>
</arguments>
<status status="PASS" starttime="20191023 11:24:44.455" endtime="20191023 11:24:44.455"></status>
</kw>
<kw name="Comment" library="BuiltIn">
<doc>Displays the given messages in the log file as keyword arguments.</doc>
<arguments>
<arg>${M2_USERNAME}</arg>
<arg>Read Cell Data By Name</arg>
<arg>Sheet1</arg>
<arg>E3</arg>
</arguments>
<status status="PASS" starttime="20191023 11:24:44.455" endtime="20191023 11:24:44.455"></status>
</kw>
<kw name="Comment" library="BuiltIn">
<doc>Displays the given messages in the log file as keyword arguments.</doc>
<arguments>
<arg>${M2_PASSWORD}</arg>
<arg>Read Cell Data By Name</arg>
<arg>Sheet1</arg>
<arg>F3</arg>
</arguments>
<status status="PASS" starttime="20191023 11:24:44.455" endtime="20191023 11:24:44.455"></status>
</kw>
<kw name="Set Global Variable" library="BuiltIn">
<doc>Makes a variable available globally in all tests and suites.</doc>
<arguments>
<arg>${M2_URL}</arg>
</arguments>
<msg timestamp="20191023 11:24:44.456" level="INFO">${M2_URL} = saas.800jit.com</msg>
<status status="PASS" starttime="20191023 11:24:44.455" endtime="20191023 11:24:44.456"></status>
</kw>
<kw name="Set Global Variable" library="BuiltIn">
<doc>Makes a variable available globally in all tests and suites.</doc>
<arguments>
<arg>${M2_FULLNAME}</arg>
</arguments>
<msg timestamp="20191023 11:24:44.456" level="INFO">${M2_FULLNAME} = 自动化</msg>
<status status="PASS" starttime="20191023 11:24:44.456" endtime="20191023 11:24:44.456"></status>
</kw>
<kw name="Set Global Variable" library="BuiltIn">
<doc>Makes a variable available globally in all tests and suites.</doc>
<arguments>
<arg>${M2_USERNAME}</arg>
</arguments>
<msg timestamp="20191023 11:24:44.456" level="INFO">${M2_USERNAME} = m2-自动化</msg>
<status status="PASS" starttime="20191023 11:24:44.456" endtime="20191023 11:24:44.456"></status>
</kw>
<kw name="Set Global Variable" library="BuiltIn">
<doc>Makes a variable available globally in all tests and suites.</doc>
<arguments>
<arg>${M2_PASSWORD}</arg>
</arguments>
<msg timestamp="20191023 11:24:44.457" level="INFO">${M2_PASSWORD} = 111111</msg>
<status status="PASS" starttime="20191023 11:24:44.456" endtime="20191023 11:24:44.457"></status>
</kw>
<kw name="Read Excel Cell" library="ExcelLibrary">
<doc>Returns content of a cell.</doc>
<arguments>
<arg>4</arg>
<arg>3</arg>
</arguments>
<assign>
<var>${M3_URL}</var>
</assign>
<msg timestamp="20191023 11:24:44.457" level="INFO">${M3_URL} = cargotest.100jit.com</msg>
<status status="PASS" starttime="20191023 11:24:44.457" endtime="20191023 11:24:44.457"></status>
</kw>
<kw name="Read Excel Cell" library="ExcelLibrary">
<doc>Returns content of a cell.</doc>
<arguments>
<arg>4</arg>
<arg>4</arg>
</arguments>
<assign>
<var>${M3_FULLNAME}</var>
</assign>
<msg timestamp="20191023 11:24:44.457" level="INFO">${M3_FULLNAME} = 自动化</msg>
<status status="PASS" starttime="20191023 11:24:44.457" endtime="20191023 11:24:44.457"></status>
</kw>
<kw name="Read Excel Cell" library="ExcelLibrary">
<doc>Returns content of a cell.</doc>
<arguments>
<arg>4</arg>
<arg>5</arg>
</arguments>
<assign>
<var>${M3_USERNAME}</var>
</assign>
<msg timestamp="20191023 11:24:44.457" level="INFO">${M3_USERNAME} = m3-自动化</msg>
<status status="PASS" starttime="20191023 11:24:44.457" endtime="20191023 11:24:44.457"></status>
</kw>
<kw name="Read Excel Cell" library="ExcelLibrary">
<doc>Returns content of a cell.</doc>
<arguments>
<arg>4</arg>
<arg>6</arg>
</arguments>
<assign>
<var>${M3_PASSWORD}</var>
</assign>
<msg timestamp="20191023 11:24:44.458" level="INFO">${M3_PASSWORD} = 110110110</msg>
<status status="PASS" starttime="20191023 11:24:44.458" endtime="20191023 11:24:44.458"></status>
</kw>
<kw name="Read Excel Cell" library="ExcelLibrary">
<doc>Returns content of a cell.</doc>
<arguments>
<arg>4</arg>
<arg>7</arg>
</arguments>
<assign>
<var>${M3_SESSION}</var>
</assign>
<msg timestamp="20191023 11:24:44.458" level="INFO">${M3_SESSION} = hd</msg>
<status status="PASS" starttime="20191023 11:24:44.458" endtime="20191023 11:24:44.458"></status>
</kw>
<kw name="Comment" library="BuiltIn">
<doc>Displays the given messages in the log file as keyword arguments.</doc>
<arguments>
<arg>${M3_URL}</arg>
<arg>Read Cell Data By Name</arg>
<arg>Sheet1</arg>
<arg>C4</arg>
</arguments>
<status status="PASS" starttime="20191023 11:24:44.458" endtime="20191023 11:24:44.458"></status>
</kw>
<kw name="Comment" library="BuiltIn">
<doc>Displays the given messages in the log file as keyword arguments.</doc>
<arguments>
<arg>${M3_FULLNAME}</arg>
<arg>Read Cell Data By Name</arg>
<arg>Sheet1</arg>
<arg>D4</arg>
</arguments>
<status status="PASS" starttime="20191023 11:24:44.458" endtime="20191023 11:24:44.458"></status>
</kw>
<kw name="Comment" library="BuiltIn">
<doc>Displays the given messages in the log file as keyword arguments.</doc>
<arguments>
<arg>${M3_USERNAME}</arg>
<arg>Read Cell Data By Name</arg>
<arg>Sheet1</arg>
<arg>E4</arg>
</arguments>
<status status="PASS" starttime="20191023 11:24:44.459" endtime="20191023 11:24:44.459"></status>
</kw>
<kw name="Comment" library="BuiltIn">
<doc>Displays the given messages in the log file as keyword arguments.</doc>
<arguments>
<arg>${M3_PASSWORD}</arg>
<arg>Read Cell Data By Name</arg>
<arg>Sheet1</arg>
<arg>F4</arg>
</arguments>
<status status="PASS" starttime="20191023 11:24:44.459" endtime="20191023 11:24:44.459"></status>
</kw>
<kw name="Comment" library="BuiltIn">
<doc>Displays the given messages in the log file as keyword arguments.</doc>
<arguments>
<arg>${M3_SESSION}</arg>
<arg>Read Cell Data By Name</arg>
<arg>Sheet1</arg>
<arg>G4</arg>
</arguments>
<status status="PASS" starttime="20191023 11:24:44.459" endtime="20191023 11:24:44.459"></status>
</kw>
<kw name="Set Global Variable" library="BuiltIn">
<doc>Makes a variable available globally in all tests and suites.</doc>
<arguments>
<arg>${M3_URL}</arg>
</arguments>
<msg timestamp="20191023 11:24:44.459" level="INFO">${M3_URL} = cargotest.100jit.com</msg>
<status status="PASS" starttime="20191023 11:24:44.459" endtime="20191023 11:24:44.459"></status>
</kw>
<kw name="Set Global Variable" library="BuiltIn">
<doc>Makes a variable available globally in all tests and suites.</doc>
<arguments>
<arg>${M3_FULLNAME}</arg>
</arguments>
<msg timestamp="20191023 11:24:44.460" level="INFO">${M3_FULLNAME} = 自动化</msg>
<status status="PASS" starttime="20191023 11:24:44.459" endtime="20191023 11:24:44.460"></status>
</kw>
<kw name="Set Global Variable" library="BuiltIn">
<doc>Makes a variable available globally in all tests and suites.</doc>
<arguments>
<arg>${M3_USERNAME}</arg>
</arguments>
<msg timestamp="20191023 11:24:44.460" level="INFO">${M3_USERNAME} = m3-自动化</msg>
<status status="PASS" starttime="20191023 11:24:44.460" endtime="20191023 11:24:44.460"></status>
</kw>
<kw name="Set Global Variable" library="BuiltIn">
<doc>Makes a variable available globally in all tests and suites.</doc>
<arguments>
<arg>${M3_PASSWORD}</arg>
</arguments>
<msg timestamp="20191023 11:24:44.460" level="INFO">${M3_PASSWORD} = 110110110</msg>
<status status="PASS" starttime="20191023 11:24:44.460" endtime="20191023 11:24:44.460"></status>
</kw>
<kw name="Set Global Variable" library="BuiltIn">
<doc>Makes a variable available globally in all tests and suites.</doc>
<arguments>
<arg>${M3_SESSION}</arg>
</arguments>
<msg timestamp="20191023 11:24:44.460" level="INFO">${M3_SESSION} = hd</msg>
<status status="PASS" starttime="20191023 11:24:44.460" endtime="20191023 11:24:44.460"></status>
</kw>
<kw name="Read Excel Cell" library="ExcelLibrary">
<doc>Returns content of a cell.</doc>
<arguments>
<arg>5</arg>
<arg>2</arg>
</arguments>
<assign>
<var>${往来单位_CODE}</var>
</assign>
<msg timestamp="20191023 11:24:44.461" level="INFO">${往来单位_CODE} = NBBLJY</msg>
<status status="PASS" starttime="20191023 11:24:44.461" endtime="20191023 11:24:44.461"></status>
</kw>
<kw name="Comment" library="BuiltIn">
<doc>Displays the given messages in the log file as keyword arguments.</doc>
<arguments>
<arg>${往来单位_CODE}</arg>
<arg>Read Cell Data By Name</arg>
<arg>Sheet1</arg>
<arg>B5</arg>
</arguments>
<status status="PASS" starttime="20191023 11:24:44.461" endtime="20191023 11:24:44.461"></status>
</kw>
<kw name="Set Global Variable" library="BuiltIn">
<doc>Makes a variable available globally in all tests and suites.</doc>
<arguments>
<arg>${往来单位_CODE}</arg>
</arguments>
<msg timestamp="20191023 11:24:44.461" level="INFO">${往来单位_CODE} = NBBLJY</msg>
<status status="PASS" starttime="20191023 11:24:44.461" endtime="20191023 11:24:44.461"></status>
</kw>
<kw name="Read Excel Cell" library="ExcelLibrary">
<doc>Returns content of a cell.</doc>
<arguments>
<arg>6</arg>
<arg>2</arg>
</arguments>
<assign>
<var>${往来单位}</var>
</assign>
<msg timestamp="20191023 11:24:44.461" level="INFO">${往来单位} = 腾讯音乐</msg>
<status status="PASS" starttime="20191023 11:24:44.461" endtime="20191023 11:24:44.461"></status>
</kw>
<kw name="Comment" library="BuiltIn">
<doc>Displays the given messages in the log file as keyword arguments.</doc>
<arguments>
<arg>${往来单位}</arg>
<arg>Read Cell Data By Name</arg>
<arg>Sheet1</arg>
<arg>B6</arg>
</arguments>
<status status="PASS" starttime="20191023 11:24:44.462" endtime="20191023 11:24:44.462"></status>
</kw>
<kw name="Set Global Variable" library="BuiltIn">
<doc>Makes a variable available globally in all tests and suites.</doc>
<arguments>
<arg>${往来单位}</arg>
</arguments>
<msg timestamp="20191023 11:24:44.462" level="INFO">${往来单位} = 腾讯音乐</msg>
<status status="PASS" starttime="20191023 11:24:44.462" endtime="20191023 11:24:44.462"></status>
</kw>
<kw name="Read Excel Cell" library="ExcelLibrary">
<doc>Returns content of a cell.</doc>
<arguments>
<arg>7</arg>
<arg>3</arg>
</arguments>
<assign>
<var>${M4-URL}</var>
</assign>
<msg timestamp="20191023 11:24:44.462" level="INFO">${M4-URL} = gm1-scysa.100jit.com</msg>
<status status="PASS" starttime="20191023 11:24:44.462" endtime="20191023 11:24:44.462"></status>
</kw>
<kw name="Read Excel Cell" library="ExcelLibrary">
<doc>Returns content of a cell.</doc>
<arguments>
<arg>7</arg>
<arg>4</arg>
</arguments>
<assign>
<var>${M4-FULLNAME}</var>
</assign>
<msg timestamp="20191023 11:24:44.463" level="INFO">${M4-FULLNAME} = gm1_SC-跑脚本-GM1-SC</msg>
<status status="PASS" starttime="20191023 11:24:44.462" endtime="20191023 11:24:44.463"></status>
</kw>
<kw name="Read Excel Cell" library="ExcelLibrary">
<doc>Returns content of a cell.</doc>
<arguments>
<arg>7</arg>
<arg>5</arg>
</arguments>
<assign>
<var>${M4-USERNAME}</var>
</assign>
<msg timestamp="20191023 11:24:44.463" level="INFO">${M4-USERNAME} = gm1_sc</msg>
<status status="PASS" starttime="20191023 11:24:44.463" endtime="20191023 11:24:44.463"></status>
</kw>
<kw name="Read Excel Cell" library="ExcelLibrary">
<doc>Returns content of a cell.</doc>
<arguments>
<arg>7</arg>
<arg>6</arg>
</arguments>
<assign>
<var>${M4-PASSWORD}</var>
</assign>
<msg timestamp="20191023 11:24:44.463" level="INFO">${M4-PASSWORD} = abc111111</msg>
<status status="PASS" starttime="20191023 11:24:44.463" endtime="20191023 11:24:44.463"></status>
</kw>
<kw name="Read Excel Cell" library="ExcelLibrary">
<doc>Returns content of a cell.</doc>
<arguments>
<arg>7</arg>
<arg>7</arg>
</arguments>
<assign>
<var>${M4-SESSION}</var>
</assign>
<msg timestamp="20191023 11:24:44.463" level="INFO">${M4-SESSION} = gm1</msg>
<status status="PASS" starttime="20191023 11:24:44.463" endtime="20191023 11:24:44.463"></status>
</kw>
<kw name="Read Excel Cell" library="ExcelLibrary">
<doc>Returns content of a cell.</doc>
<arguments>
<arg>7</arg>
<arg>8</arg>
</arguments>
<assign>
<var>${M4-ORGID}</var>
</assign>
<msg timestamp="20191023 11:24:44.464" level="INFO">${M4-ORGID} = 100000002</msg>
<status status="PASS" starttime="20191023 11:24:44.463" endtime="20191023 11:24:44.464"></status>
</kw>
<kw name="Read Excel Cell" library="ExcelLibrary">
<doc>Returns content of a cell.</doc>
<arguments>
<arg>7</arg>
<arg>9</arg>
</arguments>
<assign>
<var>${M4-OPEN-URL}</var>
</assign>
<msg timestamp="20191023 11:24:44.464" level="INFO">${M4-OPEN-URL} = vip.800jit.com</msg>
<status status="PASS" starttime="20191023 11:24:44.464" endtime="20191023 11:24:44.464"></status>
</kw>
<kw name="Read Excel Cell" library="ExcelLibrary">
<doc>Returns content of a cell.</doc>
[...]
</kw>
<kw name="点击业务管理" library="M3--菜单">
<kw name="点击" library="基础关键字">
<doc>可以点击任何元素。</doc>
<arguments>
<arg>css=.icon-yewu</arg>
</arguments>
<kw name="Click Element" library="Selenium2Library">
<doc>Click element identified by ``locator``.</doc>
<arguments>
<arg>${locator}</arg>
</arguments>
<msg timestamp="20191023 11:30:15.691" level="INFO">Clicking element 'css=.icon-yewu'.</msg>
<status status="PASS" starttime="20191023 11:30:15.691" endtime="20191023 11:30:15.757"></status>
</kw>
<kw name="Sleep" library="BuiltIn">
<doc>Pauses the test executed for the given time.</doc>
<arguments>
<arg>1</arg>
</arguments>
<msg timestamp="20191023 11:30:16.759" level="INFO">Slept 1 second</msg>
<status status="PASS" starttime="20191023 11:30:15.757" endtime="20191023 11:30:16.759"></status>
</kw>
<status status="PASS" starttime="20191023 11:30:15.691" endtime="20191023 11:30:16.759"></status>
</kw>
<kw name="等待加载层消失" library="M3--菜单">
<kw name="Wait Until Element Is Not Visible" library="Selenium2Library">
<doc>Waits until element ``locator`` is not visible.</doc>
<arguments>
<arg>xpath=//div[contains(@class,'ant-spin-spinning')]</arg>
</arguments>
<status status="PASS" starttime="20191023 11:30:16.759" endtime="20191023 11:30:21.815"></status>
</kw>
<status status="PASS" starttime="20191023 11:30:16.759" endtime="20191023 11:30:21.815"></status>
</kw>
<status status="PASS" starttime="20191023 11:30:15.691" endtime="20191023 11:30:21.815"></status>
</kw>
<msg timestamp="20191023 11:30:21.816" level="INFO">${fee_recbillno} = REC1910143</msg>
<msg timestamp="20191023 11:30:21.816" level="INFO">${amount} = 2,000.00</msg>
<status status="PASS" starttime="20191023 11:29:46.356" endtime="20191023 11:30:21.816"></status>
</kw>
<kw name="应该要相等" library="基础关键字">
<arguments>
<arg>${fee_recbillno}</arg>
<arg>${Payment receipt number}</arg>
</arguments>
<kw name="Should Be Equal" library="BuiltIn">
<doc>Fails if the given objects are unequal.</doc>
<arguments>
<arg>${content}</arg>
<arg>${content1}</arg>
</arguments>
<status status="PASS" starttime="20191023 11:30:21.816" endtime="20191023 11:30:21.816"></status>
</kw>
<status status="PASS" starttime="20191023 11:30:21.816" endtime="20191023 11:30:21.816"></status>
</kw>
<kw name="应该要相等" library="基础关键字">
<arguments>
<arg>2,000.00</arg>
<arg>${amount}</arg>
</arguments>
<kw name="Should Be Equal" library="BuiltIn">
<doc>Fails if the given objects are unequal.</doc>
<arguments>
<arg>${content}</arg>
<arg>${content1}</arg>
</arguments>
<status status="PASS" starttime="20191023 11:30:21.817" endtime="20191023 11:30:21.817"></status>
</kw>
<status status="PASS" starttime="20191023 11:30:21.816" endtime="20191023 11:30:21.817"></status>
</kw>
<status status="PASS" starttime="20191023 11:28:00.026" endtime="20191023 11:30:21.817" critical="yes"></status>
</test>
<test id="s1-t3" name="收款--收款登记按费用明细(生成并核销)">
<kw name="Reload Page" library="Selenium2Library" type="setup">
<doc>Simulates user reloading page.</doc>
<status status="PASS" starttime="20191023 11:30:21.818" endtime="20191023 11:30:23.297"></status>
</kw>
<kw name="点击业务管理" library="M3--菜单">
<kw name="点击" library="基础关键字">
<doc>可以点击任何元素。</doc>
<arguments>
<arg>css=.icon-yewu</arg>
</arguments>
<kw name="Click Element" library="Selenium2Library">
<doc>Click element identified by ``locator``.</doc>
<arguments>
<arg>${locator}</arg>
</arguments>
<msg timestamp="20191023 11:30:23.298" level="INFO">Clicking element 'css=.icon-yewu'.</msg>
<status status="PASS" starttime="20191023 11:30:23.298" endtime="20191023 11:30:23.357"></status>
</kw>
<kw name="Sleep" library="BuiltIn">
<doc>Pauses the test executed for the given time.</doc>
<arguments>
<arg>1</arg>
</arguments>
<msg timestamp="20191023 11:30:24.358" level="INFO">Slept 1 second</msg>
<status status="PASS" starttime="20191023 11:30:23.357" endtime="20191023 11:30:24.358"></status>
</kw>
<status status="PASS" starttime="20191023 11:30:23.298" endtime="20191023 11:30:24.358"></status>
</kw>
<kw name="等待加载层消失" library="M3--菜单">
<kw name="Wait Until Element Is Not Visible" library="Selenium2Library">
<doc>Waits until element ``locator`` is not visible.</doc>
<arguments>
<arg>xpath=//div[contains(@class,'ant-spin-spinning')]</arg>
</arguments>
<status status="PASS" starttime="20191023 11:30:24.358" endtime="20191023 11:30:29.367"></status>
</kw>
<status status="PASS" starttime="20191023 11:30:24.358" endtime="20191023 11:30:29.367"></status>
</kw>
<status status="PASS" starttime="20191023 11:30:23.297" endtime="20191023 11:30:29.367"></status>
</kw>
<kw name="点击业务台帐" library="M3--菜单">
<kw name="点击" library="基础关键字">
<doc>可以点击任何元素。</doc>
<arguments>
<arg>xpath=//a[text()='业务台帐']</arg>
</arguments>
<kw name="Click Element" library="Selenium2Library">
<doc>Click element identified by ``locator``.</doc>
<arguments>
<arg>${locator}</arg>
</arguments>
<msg timestamp="20191023 11:30:29.368" level="INFO">Clicking element 'xpath=//a[text()='业务台帐']'.</msg>
<status status="PASS" starttime="20191023 11:30:29.368" endtime="20191023 11:30:29.769"></status>
</kw>
<kw name="Sleep" library="BuiltIn">
<doc>Pauses the test executed for the given time.</doc>
<arguments>
<arg>1</arg>
</arguments>
<msg timestamp="20191023 11:30:30.770" level="INFO">Slept 1 second</msg>
<status status="PASS" starttime="20191023 11:30:29.769" endtime="20191023 11:30:30.770"></status>
</kw>
<status status="PASS" starttime="20191023 11:30:29.368" endtime="20191023 11:30:30.770"></status>
</kw>
<kw name="等待加载层消失" library="M3--菜单">
<kw name="Wait Until Element Is Not Visible" library="Selenium2Library">
<doc>Waits until element ``locator`` is not visible.</doc>
<arguments>
<arg>xpath=//div[contains(@class,'ant-spin-spinning')]</arg>
</arguments>
<status status="PASS" starttime="20191023 11:30:30.770" endtime="20191023 11:30:35.821"></status>
</kw>
<status status="PASS" starttime="20191023 11:30:30.770" endtime="20191023 11:30:35.821"></status>
</kw>
<status status="PASS" starttime="20191023 11:30:29.367" endtime="20191023 11:30:35.821"></status>
</kw>
<kw name="海运出口列表查询业务编号" library="M3--业务">
<arguments>
<arg>${BUSINESSNO-SUIT-SEAEXPORT}</arg>
</arguments>
<kw name="进入列表页面框架" library="M3--业务">
<kw name="进入框架" library="基础关键字">
<doc>进入一个iframe</doc>
<arguments>
<arg>id=content</arg>
</arguments>
<kw name="Select Frame" library="Selenium2Library">
<doc>Sets frame identified by ``locator`` as the current frame.</doc>
<arguments>
<arg>${locator}</arg>
</arguments>
<msg timestamp="20191023 11:30:35.822" level="INFO">Selecting frame 'id=content'.</msg>
<status status="PASS" starttime="20191023 11:30:35.822" endtime="20191023 11:30:35.849"></status>
</kw>
<status status="PASS" starttime="20191023 11:30:35.822" endtime="20191023 11:30:35.849"></status>
</kw>
<status status="PASS" starttime="20191023 11:30:35.822" endtime="20191023 11:30:35.849"></status>
</kw>
<kw name="点击" library="基础关键字">
<doc>可以点击任何元素。</doc>
<arguments>
<arg>id=bt_search</arg>
</arguments>
<kw name="Click Element" library="Selenium2Library">
<doc>Click element identified by ``locator``.</doc>
<arguments>
<arg>${locator}</arg>
</arguments>
<msg timestamp="20191023 11:30:35.849" level="INFO">Clicking element 'id=bt_search'.</msg>
<status status="PASS" starttime="20191023 11:30:35.849" endtime="20191023 11:30:36.361"></status>
</kw>
<kw name="Sleep" library="BuiltIn">
<doc>Pauses the test executed for the given time.</doc>
<arguments>
<arg>1</arg>
</arguments>
<msg timestamp="20191023 11:30:37.363" level="INFO">Slept 1 second</msg>
<status status="PASS" starttime="20191023 11:30:36.362" endtime="20191023 11:30:37.363"></status>
</kw>
<status status="PASS" starttime="20191023 11:30:35.849" endtime="20191023 11:30:37.363"></status>
</kw>
<kw name="下拉选择byValue" library="基础关键字">
<arguments>
<arg>id=qybu_datetype_seaexp</arg>
<arg>value=1</arg>
</arguments>
<kw name="Select From List By Value" library="Selenium2Library">
<doc>Selects options from selection list ``locator`` by ``values``.</doc>
<arguments>
<arg>${locator}</arg>
<arg>${value}</arg>
</arguments>
<msg timestamp="20191023 11:30:37.364" level="INFO">Selecting options from selection list 'id=qybu_datetype_seaexp' by value 1.</msg>
<status status="PASS" starttime="20191023 11:30:37.363" endtime="20191023 11:30:37.400"></status>
</kw>
<kw name="等待" library="基础关键字">
<arguments>
<arg>1</arg>
</arguments>
<kw name="Sleep" library="BuiltIn">
<doc>Pauses the test executed for the given time.</doc>
<arguments>
<arg>${time}</arg>
</arguments>
<msg timestamp="20191023 11:30:38.403" level="INFO">Slept 1 second</msg>
<status status="PASS" starttime="20191023 11:30:37.401" endtime="20191023 11:30:38.403"></status>
</kw>
<status status="PASS" starttime="20191023 11:30:37.400" endtime="20191023 11:30:38.403"></status>
</kw>
<status status="PASS" starttime="20191023 11:30:37.363" endtime="20191023 11:30:38.403"></status>
</kw>
<kw name="下拉选择byValue" library="基础关键字">
<arguments>
<arg>id=qybu_elementname_seaexp</arg>
<arg>businessno</arg>
</arguments>
<kw name="Select From List By Value" library="Selenium2Library">
<doc>Selects options from selection list ``locator`` by ``values``.</doc>
<arguments>
<arg>${locator}</arg>
<arg>${value}</arg>
</arguments>
<msg timestamp="20191023 11:30:38.403" level="INFO">Selecting options from selection list 'id=qybu_elementname_seaexp' by value businessno.</msg>
<status status="PASS" starttime="20191023 11:30:38.403" endtime="20191023 11:30:38.436"></status>
</kw>
<kw name="等待" library="基础关键字">
<arguments>
<arg>1</arg>
</arguments>
<kw name="Sleep" library="BuiltIn">
<doc>Pauses the test executed for the given time.</doc>
<arguments>
<arg>${time}</arg>
</arguments>
<msg timestamp="20191023 11:30:39.437" level="INFO">Slept 1 second</msg>
<status status="PASS" starttime="20191023 11:30:38.437" endtime="20191023 11:30:39.437"></status>
</kw>
<status status="PASS" starttime="20191023 11:30:38.437" endtime="20191023 11:30:39.437"></status>
</kw>
<status status="PASS" starttime="20191023 11:30:38.403" endtime="20191023 11:30:39.437"></status>
</kw>
<kw name="输入" library="基础关键字">
<doc>文本框输入</doc>
<arguments>
<arg>id=qybu_elementvalue</arg>
<arg>${BUSINESSNO-SUIT}</arg>
</arguments>
<kw name="Input Text" library="Selenium2Library">
<doc>Types the given ``text`` into text field identified by ``locator``.</doc>
<arguments>
<arg>${locator}</arg>
<arg>${text}</arg>
</arguments>
<msg timestamp="20191023 11:30:39.438" level="INFO">Typing text 'EXP1910250' into text field 'id=qybu_elementvalue'.</msg>
<status status="PASS" starttime="20191023 11:30:39.437" endtime="20191023 11:30:39.567"></status>
</kw>
<kw name="等待" library="基础关键字">
<arguments>
<arg>1</arg>
</arguments>
<kw name="Sleep" library="BuiltIn">
<doc>Pauses the test executed for the given time.</doc>
<arguments>
<arg>${time}</arg>
</arguments>
<msg timestamp="20191023 11:30:40.568" level="INFO">Slept 1 second</msg>
<status status="PASS" starttime="20191023 11:30:39.567" endtime="20191023 11:30:40.568"></status>
</kw>
<status status="PASS" starttime="20191023 11:30:39.567" endtime="20191023 11:30:40.568"></status>
</kw>
<status status="PASS" starttime="20191023 11:30:39.437" endtime="20191023 11:30:40.568"></status>
</kw>
<kw name="点击" library="基础关键字">
<doc>可以点击任何元素。</doc>
<arguments>
<arg>id=bt_search</arg>
</arguments>
<kw name="Click Element" library="Selenium2Library">
<doc>Click element identified by ``locator``.</doc>
<arguments>
<arg>${locator}</arg>
</arguments>
<msg timestamp="20191023 11:30:40.568" level="INFO">Clicking element 'id=bt_search'.</msg>
<status status="PASS" starttime="20191023 11:30:40.568" endtime="20191023 11:30:41.087"></status>
</kw>
<kw name="Sleep" library="BuiltIn">
<doc>Pauses the test executed for the given time.</doc>
<arguments>
<arg>1</arg>
</arguments>
<msg timestamp="20191023 11:30:42.088" level="INFO">Slept 1 second</msg>
<status status="PASS" starttime="20191023 11:30:41.087" endtime="20191023 11:30:42.088"></status>
</kw>
<status status="PASS" starttime="20191023 11:30:40.568" endtime="20191023 11:30:42.088"></status>
</kw>
<kw name="离开框架" library="基础关键字">
<doc>进入最前端frame</doc>
<kw name="Unselect Frame" library="Selenium2Library">
<doc>Sets the main frame as the current frame.</doc>
<status status="PASS" starttime="20191023 11:30:42.089" endtime="20191023 11:30:42.091"></status>
</kw>
<status status="PASS" starttime="20191023 11:30:42.088" endtime="20191023 11:30:42.092"></status>
</kw>
<status status="PASS" starttime="20191023 11:30:35.821" endtime="20191023 11:30:42.092"></status>
</kw>
<kw name="进入台帐详情" library="M3--业务">
<arguments>
<arg>${BUSINESSNO-SUIT-SEAEXPORT}</arg>
</arguments>
<kw name="进入列表页面框架" library="M3--业务">
<kw name="进入框架" library="基础关键字">
<doc>进入一个iframe</doc>
<arguments>
<arg>id=content</arg>
</arguments>
<kw name="Select Frame" library="Selenium2Library">
<doc>Sets frame identified by ``locator`` as the current frame.</doc>
<arguments>
<arg>${locator}</arg>
</arguments>
<msg timestamp="20191023 11:30:42.093" level="INFO">Selecting frame 'id=content'.</msg>
<status status="PASS" starttime="20191023 11:30:42.092" endtime="20191023 11:30:42.110"></status>
</kw>
<status status="PASS" starttime="20191023 11:30:42.092" endtime="20191023 11:30:42.110"></status>
</kw>
<status status="PASS" starttime="20191023 11:30:42.092" endtime="20191023 11:30:42.110"></status>
</kw>
<kw name="点击" library="基础关键字">
<doc>可以点击任何元素。</doc>
<arguments>
<arg>xpath=//a[text()='${BUSINESSNO-SUIT}']</arg>
</arguments>
<kw name="Click Element" library="Selenium2Library">
<doc>Click element identified by ``locator``.</doc>
<arguments>
<arg>${locator}</arg>
</arguments>
<msg timestamp="20191023 11:30:42.111" level="INFO">Clicking element 'xpath=//a[text()='EXP1910250']'.</msg>
<status status="PASS" starttime="20191023 11:30:42.111" endtime="20191023 11:30:43.040"></status>
</kw>
<kw name="Sleep" library="BuiltIn">
<doc>Pauses the test executed for the given time.</doc>
<arguments>
<arg>1</arg>
</arguments>
<msg timestamp="20191023 11:30:44.041" level="INFO">Slept 1 second</msg>
<status status="PASS" starttime="20191023 11:30:43.040" endtime="20191023 11:30:44.041"></status>
</kw>
<status status="PASS" starttime="20191023 11:30:42.110" endtime="20191023 11:30:44.041"></status>
</kw>
<kw name="离开框架" library="基础关键字">
<doc>进入最前端frame</doc>
<kw name="Unselect Frame" library="Selenium2Library">
<doc>Sets the main frame as the current frame.</doc>
<status status="PASS" starttime="20191023 11:30:44.042" endtime="20191023 11:30:44.044"></status>
</kw>
<status status="PASS" starttime="20191023 11:30:44.041" endtime="20191023 11:30:44.044"></status>
</kw>
<status status="PASS" starttime="20191023 11:30:42.092" endtime="20191023 11:30:44.044"></status>
</kw>
<kw name="从台帐详情进入费用页面" library="M3--结算">
<kw name="进入详情框架" library="M3--业务">
<kw name="进入框架" library="基础关键字">
<doc>进入一个iframe</doc>
<arguments>
<arg>xpath=//iframe[starts-with(@id,'win_')]</arg>
</arguments>
<kw name="Select Frame" library="Selenium2Library">
<doc>Sets frame identified by ``locator`` as the current frame.</doc>
<arguments>
<arg>${locator}</arg>
</arguments>
<msg timestamp="20191023 11:30:44.044" level="INFO">Selecting frame 'xpath=//iframe[starts-with(@id,'win_')]'.</msg>
<status status="PASS" starttime="20191023 11:30:44.044" endtime="20191023 11:30:44.071"></status>
</kw>
<status status="PASS" starttime="20191023 11:30:44.044" endtime="20191023 11:30:44.071"></status>
</kw>
<status status="PASS" starttime="20191023 11:30:44.044" endtime="20191023 11:30:44.071"></status>
</kw>
<kw name="点击" library="基础关键字">
<doc>可以点击任何元素。</doc>
<arguments>
<arg>id=bt_fee</arg>
</arguments>
<kw name="Click Element" library="Selenium2Library">
<doc>Click element identified by ``locator``.</doc>
<arguments>
<arg>${locator}</arg>
</arguments>
<msg timestamp="20191023 11:30:44.071" level="INFO">Clicking element 'id=bt_fee'.</msg>
<status status="PASS" starttime="20191023 11:30:44.071" endtime="20191023 11:30:45.224"></status>
</kw>
<kw name="Sleep" library="BuiltIn">
<doc>Pauses the test executed for the given time.</doc>
<arguments>
<arg>1</arg>
</arguments>
<msg timestamp="20191023 11:30:46.225" level="INFO">Slept 1 second</msg>
<status status="PASS" starttime="20191023 11:30:45.224" endtime="20191023 11:30:46.225"></status>
</kw>
<status status="PASS" starttime="20191023 11:30:44.071" endtime="20191023 11:30:46.225"></status>
</kw>
<kw name="等待" library="基础关键字">
<arguments>
<arg>1</arg>
</arguments>
<kw name="Sleep" library="BuiltIn">
<doc>Pauses the test executed for the given time.</doc>
<arguments>
<arg>${time}</arg>
</arguments>
<msg timestamp="20191023 11:30:47.226" level="INFO">Slept 1 second</msg>
<status status="PASS" starttime="20191023 11:30:46.225" endtime="20191023 11:30:47.226"></status>
</kw>
<status status="PASS" starttime="20191023 11:30:46.225" endtime="20191023 11:30:47.226"></status>
</kw>
<kw name="离开框架" library="基础关键字">
<doc>进入最前端frame</doc>
<kw name="Unselect Frame" library="Selenium2Library">
<doc>Sets the main frame as the current frame.</doc>
<status status="PASS" starttime="20191023 11:30:47.227" endtime="20191023 11:30:47.230"></status>
</kw>
<status status="PASS" starttime="20191023 11:30:47.226" endtime="20191023 11:30:47.230"></status>
</kw>
<status status="PASS" starttime="20191023 11:30:44.044" endtime="20191023 11:30:47.230"></status>
</kw>
<kw name="新增收入费用-选定费用" library="M3--结算">
<arguments>
<arg>3000</arg>
</arguments>
<assign>
<var>${row}</var>
</assign>
<kw name="进入费用信息页面框架" library="M3--结算">
<kw name="进入框架" library="基础关键字">
<doc>进入一个iframe</doc>
<arguments>
<arg>xpath=//iframe[starts-with(@src,'about:blank?___')]</arg>
</arguments>
<kw name="Select Frame" library="Selenium2Library">
<doc>Sets frame identified by ``locator`` as the current frame.</doc>
<arguments>
<arg>${locator}</arg>
</arguments>
<msg timestamp="20191023 11:30:47.231" level="INFO">Selecting frame 'xpath=//iframe[starts-with(@src,'about:blank?___')]'.</msg>
<status status="PASS" starttime="20191023 11:30:47.231" endtime="20191023 11:30:47.258"></status>
</kw>
<status status="PASS" starttime="20191023 11:30:47.231" endtime="20191023 11:30:47.258"></status>
</kw>
<status status="PASS" starttime="20191023 11:30:47.230" endtime="20191023 11:30:47.259"></status>
</kw>
<kw name="获取匹配xpath的个数" library="基础关键字">
<arguments>
<arg>xpath=//table[@id='sp_receipt_apply_tbl5']/tbody/tr</arg>
</arguments>
<assign>
<var>${size1}</var>
</assign>
<kw name="Get Matching Xpath Count" library="Selenium2Library">
<doc>*DEPRECATED in Selenium2Library 3.2.* Use `Get Element Count` instead.</doc>
<arguments>
<arg>${xpath}</arg>
</arguments>
<assign>
<var>${return}</var>
</assign>
<msg timestamp="20191023 11:30:47.259" level="WARN">Keyword 'Selenium2Library.Get Matching Xpath Count' is deprecated. Use `Get Element Count` instead.</msg>
<msg timestamp="20191023 11:30:47.270" level="INFO">${return} = 3</msg>
<status status="PASS" starttime="20191023 11:30:47.259" endtime="20191023 11:30:47.270"></status>
</kw>
<msg timestamp="20191023 11:30:47.270" level="INFO">${size1} = 3</msg>
<status status="PASS" starttime="20191023 11:30:47.259" endtime="20191023 11:30:47.270"></status>
</kw>
<kw name="Evaluate" library="BuiltIn">
<doc>Evaluates the given expression in Python and returns the results.</doc>
<arguments>
<arg>${size1}+1</arg>
</arguments>
<assign>
<var>${size}</var>
</assign>
<msg timestamp="20191023 11:30:47.270" level="INFO">${size} = 4</msg>
<status status="PASS" starttime="20191023 11:30:47.270" endtime="20191023 11:30:47.270"></status>
</kw>
<kw name="Evaluate" library="BuiltIn">
<doc>Evaluates the given expression in Python and returns the results.</doc>
<arguments>
<arg>${size}&gt;=13</arg>
</arguments>
<assign>
<var>${return}</var>
</assign>
<msg timestamp="20191023 11:30:47.271" level="INFO">${return} = False</msg>
<status status="PASS" starttime="20191023 11:30:47.270" endtime="20191023 11:30:47.271"></status>
</kw>
<kw name="Run Keyword If" library="BuiltIn">